TN:
SF:app.js
FN:68,(anonymous_0)
FNF:1
FNH:0
FNDA:0,(anonymous_0)
DA:1,1
DA:2,1
DA:3,1
DA:4,1
DA:5,1
DA:6,1
DA:7,1
DA:8,1
DA:9,1
DA:10,1
DA:11,1
DA:12,1
DA:15,1
DA:32,1
DA:33,1
DA:34,1
DA:35,1
DA:36,1
DA:50,1
DA:51,1
DA:52,1
DA:53,1
DA:54,1
DA:55,1
DA:58,1
DA:60,1
DA:63,1
DA:64,1
DA:67,1
DA:68,1
DA:69,0
DA:70,0
DA:71,0
DA:73,0
DA:78,1
DA:80,1
LF:36
LH:32
BRF:0
BRH:0
end_of_record
TN:
SF:auth\session.js
FNF:0
FNH:0
DA:1,1
DA:2,1
DA:3,1
DA:5,1
LF:4
LH:4
BRDA:6,0,0,1
BRDA:6,0,1,1
BRF:2
BRH:2
end_of_record
TN:
SF:auth\token.js
FN:5,(anonymous_0)
FN:11,(anonymous_1)
FNF:2
FNH:0
FNDA:0,(anonymous_0)
FNDA:0,(anonymous_1)
DA:1,1
DA:2,1
DA:3,1
DA:5,1
DA:6,0
DA:11,1
DA:12,0
LF:7
LH:5
BRDA:3,0,0,1
BRDA:3,0,1,0
BRF:2
BRH:1
end_of_record
TN:
SF:config\redis.js
FN:9,(anonymous_0)
FN:18,(anonymous_1)
FN:19,(anonymous_2)
FN:23,(anonymous_3)
FN:27,(anonymous_4)
FN:34,connectRedis
FN:46,(anonymous_6)
FN:50,(anonymous_7)
FN:54,(anonymous_8)
FN:61,getRedisClient
FN:65,isRedisAvailable
FN:73,safeDel
FN:90,zAddSafe
FN:106,zCardSafe
FN:119,safeSet
FN:138,safeGet
FN:152,safeDelPattern
FN:176,zRemRangeByScoreSafe
FNF:18
FNH:1
FNDA:0,(anonymous_0)
FNDA:0,(anonymous_1)
FNDA:0,(anonymous_2)
FNDA:0,(anonymous_3)
FNDA:0,(anonymous_4)
FNDA:0,connectRedis
FNDA:0,(anonymous_6)
FNDA:0,(anonymous_7)
FNDA:0,(anonymous_8)
FNDA:3,getRedisClient
FNDA:0,isRedisAvailable
FNDA:0,safeDel
FNDA:0,zAddSafe
FNDA:0,zCardSafe
FNDA:0,safeSet
FNDA:0,safeGet
FNDA:0,safeDelPattern
FNDA:0,zRemRangeByScoreSafe
DA:1,3
DA:3,3
DA:5,3
DA:10,0
DA:11,0
DA:13,0
DA:18,3
DA:19,3
DA:20,0
DA:21,0
DA:23,3
DA:24,0
DA:25,0
DA:27,3
DA:28,0
DA:29,0
DA:32,3
DA:35,0
DA:36,0
DA:37,0
DA:39,0
DA:40,0
DA:43,0
DA:44,0
DA:47,0
DA:48,0
DA:51,0
DA:52,0
DA:55,0
DA:58,0
DA:62,3
DA:66,0
DA:74,0
DA:75,0
DA:76,0
DA:77,0
DA:78,0
DA:79,0
DA:81,0
DA:82,0
DA:85,0
DA:91,0
DA:93,0
DA:94,0
DA:95,0
DA:96,0
DA:98,0
DA:99,0
DA:107,0
DA:108,0
DA:109,0
DA:111,0
DA:112,0
DA:120,0
DA:121,0
DA:122,0
DA:123,0
DA:124,0
DA:126,0
DA:128,0
DA:130,0
DA:131,0
DA:139,0
DA:140,0
DA:141,0
DA:142,0
DA:144,0
DA:145,0
DA:153,0
DA:154,0
DA:155,0
DA:156,0
DA:157,0
DA:158,0
DA:159,0
DA:160,0
DA:161,0
DA:162,0
DA:163,0
DA:166,0
DA:168,0
DA:169,0
DA:177,0
DA:178,0
DA:179,0
DA:181,0
DA:182,0
DA:186,3
DA:187,3
DA:188,3
DA:189,3
DA:190,3
DA:191,3
DA:192,3
DA:193,3
DA:194,3
DA:195,3
DA:196,3
LF:98
LH:20
BRDA:6,0,0,3
BRDA:6,0,1,3
BRDA:10,1,0,0
BRDA:10,1,1,0
BRDA:35,2,0,0
BRDA:35,2,1,0
BRDA:39,3,0,0
BRDA:39,3,1,0
BRDA:66,4,0,0
BRDA:66,4,1,0
BRDA:74,5,0,0
BRDA:74,5,1,0
BRDA:76,6,0,0
BRDA:76,6,1,0
BRDA:77,7,0,0
BRDA:77,7,1,0
BRDA:81,8,0,0
BRDA:81,8,1,0
BRDA:81,9,0,0
BRDA:81,9,1,0
BRDA:91,10,0,0
BRDA:91,10,1,0
BRDA:95,11,0,0
BRDA:95,11,1,0
BRDA:107,12,0,0
BRDA:107,12,1,0
BRDA:119,13,0,0
BRDA:120,14,0,0
BRDA:120,14,1,0
BRDA:123,15,0,0
BRDA:123,15,1,0
BRDA:139,16,0,0
BRDA:139,16,1,0
BRDA:153,17,0,0
BRDA:153,17,1,0
BRDA:160,18,0,0
BRDA:160,18,1,0
BRDA:161,19,0,0
BRDA:161,19,1,0
BRDA:177,20,0,0
BRDA:177,20,1,0
BRF:41
BRH:2
end_of_record
TN:
SF:config\socket.js
FN:5,initSocket
FN:34,(anonymous_1)
FN:38,(anonymous_2)
FN:47,(anonymous_3)
FN:56,(anonymous_4)
FN:61,(anonymous_5)
FN:66,(anonymous_6)
FN:73,(anonymous_7)
FN:80,(anonymous_8)
FN:87,(anonymous_9)
FN:119,(anonymous_10)
FN:128,(anonymous_11)
FN:137,(anonymous_12)
FN:164,getIO
FN:171,emitAgreementMessage
FN:200,broadcastToAll
FN:212,emitNewMessage
FN:225,emitUnreadCountUpdate
FNF:18
FNH:0
FNDA:0,initSocket
FNDA:0,(anonymous_1)
FNDA:0,(anonymous_2)
FNDA:0,(anonymous_3)
FNDA:0,(anonymous_4)
FNDA:0,(anonymous_5)
FNDA:0,(anonymous_6)
FNDA:0,(anonymous_7)
FNDA:0,(anonymous_8)
FNDA:0,(anonymous_9)
FNDA:0,(anonymous_10)
FNDA:0,(anonymous_11)
FNDA:0,(anonymous_12)
FNDA:0,getIO
FNDA:0,emitAgreementMessage
FNDA:0,broadcastToAll
FNDA:0,emitNewMessage
FNDA:0,emitUnreadCountUpdate
DA:1,1
DA:7,0
DA:19,0
DA:34,0
DA:35,0
DA:38,0
DA:39,0
DA:40,0
DA:43,0
DA:47,0
DA:48,0
DA:49,0
DA:52,0
DA:56,0
DA:57,0
DA:61,0
DA:62,0
DA:66,0
DA:67,0
DA:73,0
DA:74,0
DA:75,0
DA:76,0
DA:80,0
DA:81,0
DA:82,0
DA:83,0
DA:87,0
DA:88,0
DA:89,0
DA:91,0
DA:94,0
DA:106,0
DA:109,0
DA:111,0
DA:113,0
DA:114,0
DA:119,0
DA:120,0
DA:121,0
DA:128,0
DA:129,0
DA:130,0
DA:137,0
DA:138,0
DA:139,0
DA:141,0
DA:148,0
DA:153,0
DA:155,0
DA:160,0
DA:161,0
DA:165,0
DA:166,0
DA:168,0
DA:172,0
DA:173,0
DA:174,0
DA:175,0
DA:176,0
DA:179,0
DA:180,0
DA:181,0
DA:184,0
DA:190,0
DA:192,0
DA:195,0
DA:201,0
DA:202,0
DA:203,0
DA:204,0
DA:207,0
DA:213,0
DA:214,0
DA:215,0
DA:216,0
DA:217,0
DA:220,0
DA:226,0
DA:227,0
DA:228,0
DA:229,0
DA:232,0
DA:236,1
LF:84
LH:2
BRDA:7,0,0,0
BRDA:7,0,1,0
BRDA:99,1,0,0
BRDA:99,1,1,0
BRDA:165,2,0,0
BRDA:165,2,1,0
BRDA:173,3,0,0
BRDA:173,3,1,0
BRDA:180,4,0,0
BRDA:180,4,1,0
BRDA:202,5,0,0
BRDA:202,5,1,0
BRDA:214,6,0,0
BRDA:214,6,1,0
BRDA:227,7,0,0
BRDA:227,7,1,0
BRF:16
BRH:0
end_of_record
TN:
SF:middleware\verifyCartOwnership.js
FN:5,(anonymous_0)
FNF:1
FNH:0
FNDA:0,(anonymous_0)
DA:1,1
DA:2,1
DA:3,1
DA:5,1
DA:6,0
DA:7,0
DA:12,0
DA:13,0
DA:15,0
DA:16,0
DA:19,0
DA:22,0
DA:24,0
DA:27,1
LF:14
LH:5
BRDA:12,0,0,0
BRDA:12,0,1,0
BRDA:15,1,0,0
BRDA:15,1,1,0
BRF:4
BRH:0
end_of_record
TN:
SF:modules\admin\admin.controller.js
FN:4,(anonymous_0)
FN:14,(anonymous_1)
FNF:2
FNH:0
FNDA:0,(anonymous_0)
FNDA:0,(anonymous_1)
DA:2,1
DA:4,1
DA:5,0
DA:6,0
DA:7,0
DA:9,0
DA:10,0
DA:14,1
DA:15,0
DA:16,0
DA:17,0
DA:19,0
DA:20,0
LF:13
LH:3
BRDA:10,0,0,0
BRDA:10,0,1,0
BRDA:20,1,0,0
BRDA:20,1,1,0
BRF:4
BRH:0
end_of_record
TN:
SF:modules\admin\admin.model.js
FNF:0
FNH:0
DA:1,4
DA:3,4
DA:45,4
LF:3
LH:3
BRF:0
BRH:0
end_of_record
TN:
SF:modules\admin\admin.routes.js
FNF:0
FNH:0
DA:2,1
DA:3,1
DA:4,1
DA:7,1
DA:8,1
DA:10,1
LF:6
LH:6
BRF:0
BRH:0
end_of_record
TN:
SF:modules\admin\admin.service.js
FN:11,(anonymous_0)
FN:13,(anonymous_1)
FN:23,(anonymous_2)
FN:28,(anonymous_3)
FN:38,(anonymous_4)
FNF:5
FNH:0
FNDA:0,(anonymous_0)
FNDA:0,(anonymous_1)
FNDA:0,(anonymous_2)
FNDA:0,(anonymous_3)
FNDA:0,(anonymous_4)
DA:2,1
DA:6,1
DA:7,1
DA:9,1
DA:11,1
DA:12,0
DA:13,0
DA:14,0
DA:17,0
DA:18,0
DA:19,0
DA:22,0
DA:23,0
DA:25,0
DA:28,1
DA:29,0
DA:35,0
DA:37,0
DA:38,0
DA:40,0
LF:20
LH:6
BRDA:12,0,0,0
BRDA:12,0,1,0
BRDA:14,1,0,0
BRDA:14,1,1,0
BRDA:18,2,0,0
BRDA:18,2,1,0
BRDA:22,3,0,0
BRDA:22,3,1,0
BRDA:35,4,0,0
BRDA:35,4,1,0
BRDA:37,5,0,0
BRDA:37,5,1,0
BRF:12
BRH:0
end_of_record
TN:
SF:modules\admin\controllers\adminDashboard.controller.js
FN:20,(anonymous_0)
FN:30,(anonymous_1)
FN:41,(anonymous_2)
FN:52,(anonymous_3)
FN:63,(anonymous_4)
FN:78,(anonymous_5)
FN:92,(anonymous_6)
FN:102,(anonymous_7)
FN:119,(anonymous_8)
FN:134,(anonymous_9)
FN:154,(anonymous_10)
FN:171,(anonymous_11)
FN:186,(anonymous_12)
FN:203,(anonymous_13)
FN:217,(anonymous_14)
FN:230,(anonymous_15)
FN:240,(anonymous_16)
FN:263,(anonymous_17)
FN:277,(anonymous_18)
FN:291,(anonymous_19)
FN:306,(anonymous_20)
FN:326,(anonymous_21)
FN:343,(anonymous_22)
FN:358,(anonymous_23)
FN:373,(anonymous_24)
FN:392,(anonymous_25)
FN:406,(anonymous_26)
FN:416,(anonymous_27)
FN:434,(anonymous_28)
FN:446,(anonymous_29)
FN:461,(anonymous_30)
FN:479,(anonymous_31)
FN:500,(anonymous_32)
FN:511,(anonymous_33)
FN:529,(anonymous_34)
FN:540,(anonymous_35)
FN:571,(anonymous_36)
FN:602,(anonymous_37)
FN:617,(anonymous_38)
FN:639,(anonymous_39)
FN:653,(anonymous_40)
FN:664,(anonymous_41)
FN:728,(anonymous_42)
FN:795,(anonymous_43)
FN:810,(anonymous_44)
FN:829,(anonymous_45)
FN:847,(anonymous_46)
FN:861,(anonymous_47)
FN:876,(anonymous_48)
FN:890,(anonymous_49)
FN:900,(anonymous_50)
FN:913,(anonymous_51)
FN:926,(anonymous_52)
FN:940,(anonymous_53)
FN:950,(anonymous_54)
FN:967,(anonymous_55)
FN:987,(anonymous_56)
FN:1000,(anonymous_57)
FN:1010,(anonymous_58)
FN:1025,(anonymous_59)
FN:1046,(anonymous_60)
FN:1065,(anonymous_61)
FN:1084,(anonymous_62)
FN:1094,(anonymous_63)
FN:1104,(anonymous_64)
FN:1119,(anonymous_65)
FN:1135,(anonymous_66)
FNF:67
FNH:0
FNDA:0,(anonymous_0)
FNDA:0,(anonymous_1)
FNDA:0,(anonymous_2)
FNDA:0,(anonymous_3)
FNDA:0,(anonymous_4)
FNDA:0,(anonymous_5)
FNDA:0,(anonymous_6)
FNDA:0,(anonymous_7)
FNDA:0,(anonymous_8)
FNDA:0,(anonymous_9)
FNDA:0,(anonymous_10)
FNDA:0,(anonymous_11)
FNDA:0,(anonymous_12)
FNDA:0,(anonymous_13)
FNDA:0,(anonymous_14)
FNDA:0,(anonymous_15)
FNDA:0,(anonymous_16)
FNDA:0,(anonymous_17)
FNDA:0,(anonymous_18)
FNDA:0,(anonymous_19)
FNDA:0,(anonymous_20)
FNDA:0,(anonymous_21)
FNDA:0,(anonymous_22)
FNDA:0,(anonymous_23)
FNDA:0,(anonymous_24)
FNDA:0,(anonymous_25)
FNDA:0,(anonymous_26)
FNDA:0,(anonymous_27)
FNDA:0,(anonymous_28)
FNDA:0,(anonymous_29)
FNDA:0,(anonymous_30)
FNDA:0,(anonymous_31)
FNDA:0,(anonymous_32)
FNDA:0,(anonymous_33)
FNDA:0,(anonymous_34)
FNDA:0,(anonymous_35)
FNDA:0,(anonymous_36)
FNDA:0,(anonymous_37)
FNDA:0,(anonymous_38)
FNDA:0,(anonymous_39)
FNDA:0,(anonymous_40)
FNDA:0,(anonymous_41)
FNDA:0,(anonymous_42)
FNDA:0,(anonymous_43)
FNDA:0,(anonymous_44)
FNDA:0,(anonymous_45)
FNDA:0,(anonymous_46)
FNDA:0,(anonymous_47)
FNDA:0,(anonymous_48)
FNDA:0,(anonymous_49)
FNDA:0,(anonymous_50)
FNDA:0,(anonymous_51)
FNDA:0,(anonymous_52)
FNDA:0,(anonymous_53)
FNDA:0,(anonymous_54)
FNDA:0,(anonymous_55)
FNDA:0,(anonymous_56)
FNDA:0,(anonymous_57)
FNDA:0,(anonymous_58)
FNDA:0,(anonymous_59)
FNDA:0,(anonymous_60)
FNDA:0,(anonymous_61)
FNDA:0,(anonymous_62)
FNDA:0,(anonymous_63)
FNDA:0,(anonymous_64)
FNDA:0,(anonymous_65)
FNDA:0,(anonymous_66)
DA:14,1
DA:15,1
DA:20,1
DA:21,0
DA:22,0
DA:23,0
DA:25,0
DA:26,0
DA:30,1
DA:31,0
DA:32,0
DA:33,0
DA:34,0
DA:36,0
DA:37,0
DA:41,1
DA:42,0
DA:43,0
DA:44,0
DA:45,0
DA:47,0
DA:48,0
DA:52,1
DA:53,0
DA:54,0
DA:55,0
DA:56,0
DA:58,0
DA:59,0
DA:63,1
DA:64,0
DA:65,0
DA:66,0
DA:67,0
DA:68,0
DA:70,0
DA:71,0
DA:78,1
DA:79,0
DA:80,0
DA:81,0
DA:85,0
DA:87,0
DA:88,0
DA:92,1
DA:93,0
DA:94,0
DA:95,0
DA:97,0
DA:98,0
DA:102,1
DA:103,0
DA:104,0
DA:105,0
DA:112,0
DA:114,0
DA:115,0
DA:119,1
DA:120,0
DA:121,0
DA:127,0
DA:129,0
DA:130,0
DA:134,1
DA:135,0
DA:136,0
DA:137,0
DA:138,0
DA:140,0
DA:147,0
DA:149,0
DA:150,0
DA:154,1
DA:155,0
DA:156,0
DA:157,0
DA:164,0
DA:166,0
DA:167,0
DA:171,1
DA:172,0
DA:173,0
DA:179,0
DA:181,0
DA:182,0
DA:186,1
DA:187,0
DA:188,0
DA:189,0
DA:193,0
DA:195,0
DA:196,0
DA:203,1
DA:204,0
DA:205,0
DA:206,0
DA:210,0
DA:212,0
DA:213,0
DA:217,1
DA:218,0
DA:219,0
DA:220,0
DA:222,0
DA:223,0
DA:230,1
DA:231,0
DA:232,0
DA:233,0
DA:235,0
DA:236,0
DA:240,1
DA:241,0
DA:242,0
DA:243,0
DA:244,0
DA:247,0
DA:253,0
DA:255,0
DA:256,0
DA:263,1
DA:264,0
DA:265,0
DA:266,0
DA:270,0
DA:272,0
DA:273,0
DA:277,1
DA:278,0
DA:279,0
DA:280,0
DA:284,0
DA:286,0
DA:287,0
DA:291,1
DA:292,0
DA:293,0
DA:299,0
DA:301,0
DA:302,0
DA:306,1
DA:307,0
DA:308,0
DA:309,0
DA:310,0
DA:312,0
DA:319,0
DA:321,0
DA:322,0
DA:326,1
DA:327,0
DA:328,0
DA:329,0
DA:336,0
DA:338,0
DA:339,0
DA:343,1
DA:344,0
DA:345,0
DA:351,0
DA:353,0
DA:354,0
DA:358,1
DA:359,0
DA:360,0
DA:366,0
DA:368,0
DA:369,0
DA:373,1
DA:374,0
DA:375,0
DA:382,0
DA:384,0
DA:385,0
DA:392,1
DA:393,0
DA:394,0
DA:395,0
DA:399,0
DA:401,0
DA:402,0
DA:406,1
DA:407,0
DA:408,0
DA:409,0
DA:411,0
DA:412,0
DA:416,1
DA:417,0
DA:418,0
DA:419,0
DA:427,0
DA:429,0
DA:430,0
DA:434,1
DA:435,0
DA:436,0
DA:437,0
DA:438,0
DA:440,0
DA:441,0
DA:446,1
DA:447,0
DA:448,0
DA:449,0
DA:453,0
DA:455,0
DA:456,0
DA:461,1
DA:462,0
DA:463,0
DA:464,0
DA:471,0
DA:473,0
DA:474,0
DA:479,1
DA:480,0
DA:481,0
DA:482,0
DA:483,0
DA:485,0
DA:492,0
DA:494,0
DA:495,0
DA:500,1
DA:501,0
DA:502,0
DA:503,0
DA:505,0
DA:506,0
DA:511,1
DA:512,0
DA:513,0
DA:519,0
DA:521,0
DA:522,0
DA:529,1
DA:530,0
DA:531,0
DA:532,0
DA:533,0
DA:535,0
DA:536,0
DA:540,1
DA:541,0
DA:543,0
DA:544,0
DA:547,0
DA:548,0
DA:549,0
DA:550,0
DA:554,0
DA:555,0
DA:558,0
DA:564,0
DA:566,0
DA:567,0
DA:571,1
DA:572,0
DA:574,0
DA:575,0
DA:578,0
DA:579,0
DA:580,0
DA:581,0
DA:582,0
DA:584,0
DA:585,0
DA:588,0
DA:595,0
DA:597,0
DA:598,0
DA:602,1
DA:603,0
DA:604,0
DA:610,0
DA:612,0
DA:613,0
DA:617,1
DA:618,0
DA:619,0
DA:625,0
DA:631,0
DA:632,0
DA:639,1
DA:640,0
DA:641,0
DA:642,0
DA:646,0
DA:648,0
DA:649,0
DA:653,1
DA:654,0
DA:655,0
DA:656,0
DA:657,0
DA:659,0
DA:660,0
DA:664,1
DA:665,0
DA:667,0
DA:668,0
DA:671,0
DA:674,0
DA:675,0
DA:676,0
DA:680,0
DA:681,0
DA:682,0
DA:686,0
DA:687,0
DA:688,0
DA:690,0
DA:691,0
DA:692,0
DA:696,0
DA:697,0
DA:701,0
DA:702,0
DA:706,0
DA:707,0
DA:711,0
DA:712,0
DA:715,0
DA:721,0
DA:723,0
DA:724,0
DA:728,1
DA:729,0
DA:731,0
DA:732,0
DA:735,0
DA:738,0
DA:739,0
DA:740,0
DA:741,0
DA:743,0
DA:744,0
DA:748,0
DA:749,0
DA:750,0
DA:751,0
DA:752,0
DA:753,0
DA:757,0
DA:758,0
DA:759,0
DA:761,0
DA:762,0
DA:763,0
DA:767,0
DA:768,0
DA:772,0
DA:773,0
DA:777,0
DA:778,0
DA:781,0
DA:788,0
DA:790,0
DA:791,0
DA:795,1
DA:796,0
DA:797,0
DA:803,0
DA:805,0
DA:806,0
DA:810,1
DA:811,0
DA:812,0
DA:818,0
DA:824,0
DA:825,0
DA:829,1
DA:830,0
DA:831,0
DA:832,0
DA:833,0
DA:835,0
DA:837,0
DA:839,0
DA:840,0
DA:847,1
DA:848,0
DA:849,0
DA:850,0
DA:854,0
DA:856,0
DA:857,0
DA:861,1
DA:862,0
DA:863,0
DA:869,0
DA:871,0
DA:872,0
DA:876,1
DA:877,0
DA:878,0
DA:883,0
DA:885,0
DA:886,0
DA:890,1
DA:891,0
DA:892,0
DA:893,0
DA:895,0
DA:896,0
DA:900,1
DA:901,0
DA:902,0
DA:906,0
DA:908,0
DA:909,0
DA:913,1
DA:914,0
DA:915,0
DA:916,0
DA:918,0
DA:919,0
DA:926,1
DA:927,0
DA:928,0
DA:929,0
DA:933,0
DA:935,0
DA:936,0
DA:940,1
DA:941,0
DA:942,0
DA:943,0
DA:945,0
DA:946,0
DA:950,1
DA:951,0
DA:952,0
DA:953,0
DA:960,0
DA:962,0
DA:963,0
DA:967,1
DA:968,0
DA:969,0
DA:970,0
DA:971,0
DA:973,0
DA:980,0
DA:982,0
DA:983,0
DA:987,1
DA:988,0
DA:989,0
DA:990,0
DA:992,0
DA:993,0
DA:1000,1
DA:1001,0
DA:1002,0
DA:1003,0
DA:1005,0
DA:1006,0
DA:1010,1
DA:1011,0
DA:1012,0
DA:1018,0
DA:1020,0
DA:1021,0
DA:1025,1
DA:1026,0
DA:1027,0
DA:1028,0
DA:1035,0
DA:1041,0
DA:1042,0
DA:1046,1
DA:1047,0
DA:1048,0
DA:1049,0
DA:1055,0
DA:1057,0
DA:1058,0
DA:1065,1
DA:1066,0
DA:1067,0
DA:1068,0
DA:1072,0
DA:1074,0
DA:1075,0
DA:1082,1
DA:1084,1
DA:1085,0
DA:1086,0
DA:1087,0
DA:1089,0
DA:1090,0
DA:1094,1
DA:1095,0
DA:1096,0
DA:1097,0
DA:1099,0
DA:1100,0
DA:1104,1
DA:1105,0
DA:1106,0
DA:1112,0
DA:1114,0
DA:1115,0
DA:1119,1
DA:1120,0
DA:1121,0
DA:1128,0
DA:1130,0
DA:1131,0
DA:1135,1
DA:1136,0
DA:1137,0
DA:1143,0
DA:1145,0
DA:1146,0
LF:517
LH:70
BRDA:32,0,0,0
BRDA:43,1,0,0
BRDA:54,2,0,0
BRDA:55,3,0,0
BRDA:55,3,1,0
BRDA:83,4,0,0
BRDA:83,4,1,0
BRDA:83,5,0,0
BRDA:83,5,1,0
BRDA:137,6,0,0
BRDA:137,6,1,0
BRDA:191,7,0,0
BRDA:191,7,1,0
BRDA:191,8,0,0
BRDA:191,8,1,0
BRDA:208,9,0,0
BRDA:208,9,1,0
BRDA:208,10,0,0
BRDA:208,10,1,0
BRDA:243,11,0,0
BRDA:243,11,1,0
BRDA:268,12,0,0
BRDA:268,12,1,0
BRDA:268,13,0,0
BRDA:268,13,1,0
BRDA:281,14,0,0
BRDA:281,14,1,0
BRDA:282,15,0,0
BRDA:282,15,1,0
BRDA:309,16,0,0
BRDA:309,16,1,0
BRDA:397,17,0,0
BRDA:397,17,1,0
BRDA:397,18,0,0
BRDA:397,18,1,0
BRDA:451,19,0,0
BRDA:451,19,1,0
BRDA:451,20,0,0
BRDA:451,20,1,0
BRDA:482,21,0,0
BRDA:482,21,1,0
BRDA:548,22,0,0
BRDA:548,22,1,0
BRDA:554,23,0,0
BRDA:554,23,1,0
BRDA:579,24,0,0
BRDA:579,24,1,0
BRDA:582,25,0,0
BRDA:582,25,1,0
BRDA:627,26,0,0
BRDA:627,26,1,0
BRDA:644,27,0,0
BRDA:644,27,1,0
BRDA:655,28,0,0
BRDA:674,29,0,0
BRDA:674,29,1,0
BRDA:674,30,0,0
BRDA:674,30,1,0
BRDA:674,30,2,0
BRDA:680,31,0,0
BRDA:680,31,1,0
BRDA:680,32,0,0
BRDA:680,32,1,0
BRDA:680,32,2,0
BRDA:686,33,0,0
BRDA:686,33,1,0
BRDA:690,34,0,0
BRDA:690,34,1,0
BRDA:696,35,0,0
BRDA:696,35,1,0
BRDA:697,36,0,0
BRDA:697,36,1,0
BRDA:701,37,0,0
BRDA:701,37,1,0
BRDA:702,38,0,0
BRDA:702,38,1,0
BRDA:706,39,0,0
BRDA:706,39,1,0
BRDA:707,40,0,0
BRDA:707,40,1,0
BRDA:711,41,0,0
BRDA:711,41,1,0
BRDA:711,42,0,0
BRDA:711,42,1,0
BRDA:738,43,0,0
BRDA:738,43,1,0
BRDA:738,44,0,0
BRDA:738,44,1,0
BRDA:738,44,2,0
BRDA:741,45,0,0
BRDA:741,45,1,0
BRDA:748,46,0,0
BRDA:748,46,1,0
BRDA:748,47,0,0
BRDA:748,47,1,0
BRDA:748,47,2,0
BRDA:751,48,0,0
BRDA:751,48,1,0
BRDA:757,49,0,0
BRDA:757,49,1,0
BRDA:761,50,0,0
BRDA:761,50,1,0
BRDA:767,51,0,0
BRDA:767,51,1,0
BRDA:768,52,0,0
BRDA:768,52,1,0
BRDA:772,53,0,0
BRDA:772,53,1,0
BRDA:773,54,0,0
BRDA:773,54,1,0
BRDA:777,55,0,0
BRDA:777,55,1,0
BRDA:778,56,0,0
BRDA:778,56,1,0
BRDA:820,57,0,0
BRDA:820,57,1,0
BRDA:832,58,0,0
BRDA:832,58,1,0
BRDA:851,59,0,0
BRDA:851,59,1,0
BRDA:852,60,0,0
BRDA:852,60,1,0
BRDA:852,61,0,0
BRDA:852,61,1,0
BRDA:931,62,0,0
BRDA:931,62,1,0
BRDA:931,63,0,0
BRDA:931,63,1,0
BRDA:970,64,0,0
BRDA:970,64,1,0
BRDA:1037,65,0,0
BRDA:1037,65,1,0
BRDA:1070,66,0,0
BRDA:1070,66,1,0
BRDA:1070,67,0,0
BRDA:1070,67,1,0
BRF:136
BRH:0
end_of_record
TN:
SF:modules\admin\controllers\escrow.controller.js
FN:15,(anonymous_0)
FN:32,(anonymous_1)
FN:51,(anonymous_2)
FN:70,(anonymous_3)
FN:89,(anonymous_4)
FN:114,(anonymous_5)
FN:171,(anonymous_6)
FN:207,(anonymous_7)
FN:226,(anonymous_8)
FN:251,(anonymous_9)
FN:287,(anonymous_10)
FN:321,(anonymous_11)
FN:341,(anonymous_12)
FN:357,(anonymous_13)
FN:383,(anonymous_14)
FN:411,(anonymous_15)
FN:432,(anonymous_16)
FN:448,(anonymous_17)
FNF:18
FNH:0
FNDA:0,(anonymous_0)
FNDA:0,(anonymous_1)
FNDA:0,(anonymous_2)
FNDA:0,(anonymous_3)
FNDA:0,(anonymous_4)
FNDA:0,(anonymous_5)
FNDA:0,(anonymous_6)
FNDA:0,(anonymous_7)
FNDA:0,(anonymous_8)
FNDA:0,(anonymous_9)
FNDA:0,(anonymous_10)
FNDA:0,(anonymous_11)
FNDA:0,(anonymous_12)
FNDA:0,(anonymous_13)
FNDA:0,(anonymous_14)
FNDA:0,(anonymous_15)
FNDA:0,(anonymous_16)
FNDA:0,(anonymous_17)
DA:6,1
DA:15,1
DA:16,0
DA:17,0
DA:18,0
DA:20,0
DA:21,0
DA:32,1
DA:33,0
DA:34,0
DA:36,0
DA:41,0
DA:43,0
DA:44,0
DA:51,1
DA:52,0
DA:53,0
DA:55,0
DA:60,0
DA:62,0
DA:63,0
DA:70,1
DA:71,0
DA:72,0
DA:74,0
DA:79,0
DA:81,0
DA:82,0
DA:89,1
DA:90,0
DA:91,0
DA:92,0
DA:93,0
DA:94,0
DA:96,0
DA:104,0
DA:106,0
DA:107,0
DA:114,1
DA:115,0
DA:116,0
DA:117,0
DA:118,0
DA:120,0
DA:121,0
DA:127,0
DA:132,0
DA:133,0
DA:134,0
DA:141,0
DA:146,0
DA:153,0
DA:163,0
DA:164,0
DA:171,1
DA:172,0
DA:173,0
DA:174,0
DA:175,0
DA:176,0
DA:178,0
DA:179,0
DA:185,0
DA:193,0
DA:195,0
DA:196,0
DA:207,1
DA:208,0
DA:209,0
DA:211,0
DA:216,0
DA:218,0
DA:219,0
DA:226,1
DA:227,0
DA:228,0
DA:229,0
DA:230,0
DA:231,0
DA:233,0
DA:241,0
DA:243,0
DA:244,0
DA:251,1
DA:252,0
DA:253,0
DA:254,0
DA:255,0
DA:256,0
DA:258,0
DA:259,0
DA:265,0
DA:273,0
DA:275,0
DA:276,0
DA:287,1
DA:288,0
DA:289,0
DA:290,0
DA:291,0
DA:293,0
DA:294,0
DA:300,0
DA:307,0
DA:309,0
DA:310,0
DA:321,1
DA:322,0
DA:323,0
DA:325,0
DA:327,0
DA:329,0
DA:330,0
DA:341,1
DA:342,0
DA:343,0
DA:345,0
DA:347,0
DA:349,0
DA:350,0
DA:357,1
DA:358,0
DA:359,0
DA:360,0
DA:361,0
DA:364,0
DA:365,0
DA:371,0
DA:373,0
DA:375,0
DA:376,0
DA:383,1
DA:384,0
DA:385,0
DA:386,0
DA:388,0
DA:389,0
DA:395,0
DA:397,0
DA:399,0
DA:400,0
DA:411,1
DA:412,0
DA:413,0
DA:414,0
DA:416,0
DA:422,0
DA:424,0
DA:425,0
DA:432,1
DA:433,0
DA:434,0
DA:436,0
DA:438,0
DA:440,0
DA:441,0
DA:448,1
DA:449,0
DA:450,0
DA:452,0
DA:457,0
DA:459,0
DA:460,0
LF:163
LH:19
BRDA:34,0,0,0
BRDA:34,1,0,0
BRDA:53,2,0,0
BRDA:53,3,0,0
BRDA:72,4,0,0
BRDA:72,5,0,0
BRDA:120,6,0,0
BRDA:120,6,1,0
BRDA:120,7,0,0
BRDA:120,7,1,0
BRDA:138,8,0,0
BRDA:138,8,1,0
BRDA:178,9,0,0
BRDA:178,9,1,0
BRDA:209,10,0,0
BRDA:209,11,0,0
BRDA:258,12,0,0
BRDA:258,12,1,0
BRDA:293,13,0,0
BRDA:293,13,1,0
BRDA:323,14,0,0
BRDA:323,14,1,0
BRDA:343,15,0,0
BRDA:343,15,1,0
BRDA:360,16,0,0
BRDA:364,17,0,0
BRDA:364,17,1,0
BRDA:388,18,0,0
BRDA:388,18,1,0
BRDA:388,19,0,0
BRDA:388,19,1,0
BRDA:413,20,0,0
BRDA:413,20,1,0
BRDA:414,21,0,0
BRDA:414,22,0,0
BRDA:434,23,0,0
BRDA:434,23,1,0
BRDA:450,24,0,0
BRDA:450,25,0,0
BRF:39
BRH:0
end_of_record
TN:
SF:modules\admin\models\announcement.model.js
FNF:0
FNH:0
DA:1,1
DA:3,1
DA:74,1
DA:75,1
DA:77,1
LF:5
LH:5
BRF:0
BRH:0
end_of_record
TN:
SF:modules\admin\models\auditLog.model.js
FNF:0
FNH:0
DA:1,1
DA:3,1
DA:123,1
DA:124,1
DA:125,1
DA:126,1
DA:128,1
LF:7
LH:7
BRF:0
BRH:0
end_of_record
TN:
SF:modules\admin\models\banner.model.js
FNF:0
FNH:0
DA:1,1
DA:3,1
DA:128,1
DA:129,1
DA:131,1
LF:5
LH:5
BRF:0
BRH:0
end_of_record
TN:
SF:modules\admin\models\category.model.js
FN:79,(anonymous_0)
FNF:1
FNH:0
FNDA:0,(anonymous_0)
DA:1,1
DA:3,1
DA:79,1
DA:80,0
DA:81,0
DA:86,0
DA:90,1
DA:91,1
DA:92,1
DA:94,1
LF:10
LH:7
BRDA:80,0,0,0
BRDA:80,0,1,0
BRF:2
BRH:0
end_of_record
TN:
SF:modules\admin\models\index.js
FNF:0
FNH:0
DA:2,1
DA:3,1
DA:4,1
DA:5,1
DA:6,1
DA:7,1
DA:8,1
DA:10,1
LF:8
LH:8
BRF:0
BRH:0
end_of_record
TN:
SF:modules\admin\models\municipality.model.js
FN:32,(anonymous_0)
FNF:1
FNH:0
FNDA:0,(anonymous_0)
DA:1,1
DA:3,1
DA:32,1
DA:33,0
DA:34,0
DA:37,1
LF:6
LH:4
BRF:0
BRH:0
end_of_record
TN:
SF:modules\admin\models\refundRequest.model.js
FNF:0
FNH:0
DA:1,1
DA:3,1
DA:111,1
DA:112,1
DA:113,1
DA:114,1
DA:116,1
LF:7
LH:7
BRF:0
BRH:0
end_of_record
TN:
SF:modules\admin\models\systemSettings.model.js
FN:128,(anonymous_0)
FN:136,(anonymous_1)
FNF:2
FNH:0
FNDA:0,(anonymous_0)
FNDA:0,(anonymous_1)
DA:1,1
DA:3,1
DA:128,1
DA:129,0
DA:130,0
DA:131,0
DA:133,0
DA:136,1
DA:137,0
DA:142,0
DA:145,1
LF:11
LH:5
BRDA:130,0,0,0
BRDA:130,0,1,0
BRF:2
BRH:0
end_of_record
TN:
SF:modules\admin\models\userActivityLog.model.js
FNF:0
FNH:0
DA:1,1
DA:3,1
DA:78,1
DA:79,1
DA:80,1
DA:81,1
DA:82,1
DA:87,1
LF:8
LH:8
BRF:0
BRH:0
end_of_record
TN:
SF:modules\admin\routes\adminDashboard.routes.js
FNF:0
FNH:0
DA:2,1
DA:3,1
DA:4,1
DA:5,1
DA:6,1
DA:9,1
DA:10,1
DA:15,1
DA:16,1
DA:17,1
DA:18,1
DA:19,1
DA:24,1
DA:25,1
DA:26,1
DA:27,1
DA:28,1
DA:29,1
DA:30,1
DA:31,1
DA:36,1
DA:37,1
DA:42,1
DA:43,1
DA:48,1
DA:49,1
DA:50,1
DA:51,1
DA:52,1
DA:53,1
DA:54,1
DA:55,1
DA:56,1
DA:61,1
DA:62,1
DA:63,1
DA:64,1
DA:65,1
DA:66,1
DA:67,1
DA:68,1
DA:73,1
DA:74,1
DA:75,1
DA:76,1
DA:77,1
DA:82,1
DA:83,1
DA:84,1
DA:88,1
DA:92,1
DA:93,1
DA:94,1
DA:99,1
DA:100,1
DA:101,1
DA:102,1
DA:107,1
DA:108,1
DA:109,1
DA:110,1
DA:111,1
DA:116,1
DA:117,1
DA:118,1
DA:119,1
DA:124,1
DA:125,1
DA:126,1
DA:127,1
DA:128,1
DA:133,1
DA:135,1
LF:73
LH:73
BRF:0
BRH:0
end_of_record
TN:
SF:modules\admin\services\adminDashboard.service.js
FN:26,(anonymous_0)
FN:49,(anonymous_1)
FN:80,(anonymous_2)
FN:108,(anonymous_3)
FN:131,(anonymous_4)
FN:152,(anonymous_5)
FN:172,(anonymous_6)
FN:188,(anonymous_7)
FN:205,(anonymous_8)
FN:222,(anonymous_9)
FN:241,(anonymous_10)
FN:278,(anonymous_11)
FN:311,(anonymous_12)
FN:312,(anonymous_13)
FN:314,(anonymous_14)
FN:315,(anonymous_15)
FN:357,(anonymous_16)
FN:375,(anonymous_17)
FN:376,(anonymous_18)
FN:377,(anonymous_19)
FN:382,(anonymous_20)
FN:395,(anonymous_21)
FN:396,(anonymous_22)
FN:400,(anonymous_23)
FN:407,(anonymous_24)
FN:409,(anonymous_25)
FN:412,(anonymous_26)
FN:422,(anonymous_27)
FN:492,(anonymous_28)
FN:504,(anonymous_29)
FN:508,(anonymous_30)
FN:563,(anonymous_31)
FN:614,(anonymous_32)
FN:668,(anonymous_33)
FN:693,(anonymous_34)
FN:717,(anonymous_35)
FN:739,(anonymous_36)
FN:767,(anonymous_37)
FN:791,(anonymous_38)
FN:800,(anonymous_39)
FN:814,(anonymous_40)
FN:832,(anonymous_41)
FN:846,(anonymous_42)
FN:852,(anonymous_43)
FN:881,(anonymous_44)
FN:901,(anonymous_45)
FN:909,(anonymous_46)
FN:923,(anonymous_47)
FN:966,(anonymous_48)
FN:988,(anonymous_49)
FN:1026,(anonymous_50)
FN:1061,(anonymous_51)
FN:1067,(anonymous_52)
FN:1069,(anonymous_53)
FN:1070,(anonymous_54)
FN:1072,(anonymous_55)
FN:1073,(anonymous_56)
FN:1075,(anonymous_57)
FN:1076,(anonymous_58)
FN:1079,(anonymous_59)
FN:1083,(anonymous_60)
FN:1093,(anonymous_61)
FN:1129,(anonymous_62)
FN:1136,(anonymous_63)
FN:1139,(anonymous_64)
FN:1145,(anonymous_65)
FN:1156,(anonymous_66)
FN:1160,(anonymous_67)
FN:1199,(anonymous_68)
FN:1233,(anonymous_69)
FN:1240,(anonymous_70)
FN:1254,(anonymous_71)
FN:1270,(anonymous_72)
FN:1290,(anonymous_73)
FN:1310,(anonymous_74)
FN:1318,(anonymous_75)
FN:1332,(anonymous_76)
FN:1346,(anonymous_77)
FN:1362,(anonymous_78)
FN:1376,(anonymous_79)
FN:1391,(anonymous_80)
FN:1395,(anonymous_81)
FN:1404,(anonymous_82)
FN:1424,(anonymous_83)
FN:1438,(anonymous_84)
FN:1448,(anonymous_85)
FN:1454,(anonymous_86)
FN:1472,(anonymous_87)
FN:1484,(anonymous_88)
FN:1506,(anonymous_89)
FN:1516,(anonymous_90)
FN:1542,(anonymous_91)
FN:1568,(anonymous_92)
FN:1599,(anonymous_93)
FN:1603,(anonymous_94)
FN:1615,(anonymous_95)
FN:1630,(anonymous_96)
FN:1649,(anonymous_97)
FN:1653,(anonymous_98)
FN:1657,(anonymous_99)
FN:1668,(anonymous_100)
FN:1691,(anonymous_101)
FNF:102
FNH:0
FNDA:0,(anonymous_0)
FNDA:0,(anonymous_1)
FNDA:0,(anonymous_2)
FNDA:0,(anonymous_3)
FNDA:0,(anonymous_4)
FNDA:0,(anonymous_5)
FNDA:0,(anonymous_6)
FNDA:0,(anonymous_7)
FNDA:0,(anonymous_8)
FNDA:0,(anonymous_9)
FNDA:0,(anonymous_10)
FNDA:0,(anonymous_11)
FNDA:0,(anonymous_12)
FNDA:0,(anonymous_13)
FNDA:0,(anonymous_14)
FNDA:0,(anonymous_15)
FNDA:0,(anonymous_16)
FNDA:0,(anonymous_17)
FNDA:0,(anonymous_18)
FNDA:0,(anonymous_19)
FNDA:0,(anonymous_20)
FNDA:0,(anonymous_21)
FNDA:0,(anonymous_22)
FNDA:0,(anonymous_23)
FNDA:0,(anonymous_24)
FNDA:0,(anonymous_25)
FNDA:0,(anonymous_26)
FNDA:0,(anonymous_27)
FNDA:0,(anonymous_28)
FNDA:0,(anonymous_29)
FNDA:0,(anonymous_30)
FNDA:0,(anonymous_31)
FNDA:0,(anonymous_32)
FNDA:0,(anonymous_33)
FNDA:0,(anonymous_34)
FNDA:0,(anonymous_35)
FNDA:0,(anonymous_36)
FNDA:0,(anonymous_37)
FNDA:0,(anonymous_38)
FNDA:0,(anonymous_39)
FNDA:0,(anonymous_40)
FNDA:0,(anonymous_41)
FNDA:0,(anonymous_42)
FNDA:0,(anonymous_43)
FNDA:0,(anonymous_44)
FNDA:0,(anonymous_45)
FNDA:0,(anonymous_46)
FNDA:0,(anonymous_47)
FNDA:0,(anonymous_48)
FNDA:0,(anonymous_49)
FNDA:0,(anonymous_50)
FNDA:0,(anonymous_51)
FNDA:0,(anonymous_52)
FNDA:0,(anonymous_53)
FNDA:0,(anonymous_54)
FNDA:0,(anonymous_55)
FNDA:0,(anonymous_56)
FNDA:0,(anonymous_57)
FNDA:0,(anonymous_58)
FNDA:0,(anonymous_59)
FNDA:0,(anonymous_60)
FNDA:0,(anonymous_61)
FNDA:0,(anonymous_62)
FNDA:0,(anonymous_63)
FNDA:0,(anonymous_64)
FNDA:0,(anonymous_65)
FNDA:0,(anonymous_66)
FNDA:0,(anonymous_67)
FNDA:0,(anonymous_68)
FNDA:0,(anonymous_69)
FNDA:0,(anonymous_70)
FNDA:0,(anonymous_71)
FNDA:0,(anonymous_72)
FNDA:0,(anonymous_73)
FNDA:0,(anonymous_74)
FNDA:0,(anonymous_75)
FNDA:0,(anonymous_76)
FNDA:0,(anonymous_77)
FNDA:0,(anonymous_78)
FNDA:0,(anonymous_79)
FNDA:0,(anonymous_80)
FNDA:0,(anonymous_81)
FNDA:0,(anonymous_82)
FNDA:0,(anonymous_83)
FNDA:0,(anonymous_84)
FNDA:0,(anonymous_85)
FNDA:0,(anonymous_86)
FNDA:0,(anonymous_87)
FNDA:0,(anonymous_88)
FNDA:0,(anonymous_89)
FNDA:0,(anonymous_90)
FNDA:0,(anonymous_91)
FNDA:0,(anonymous_92)
FNDA:0,(anonymous_93)
FNDA:0,(anonymous_94)
FNDA:0,(anonymous_95)
FNDA:0,(anonymous_96)
FNDA:0,(anonymous_97)
FNDA:0,(anonymous_98)
FNDA:0,(anonymous_99)
FNDA:0,(anonymous_100)
FNDA:0,(anonymous_101)
DA:2,1
DA:3,1
DA:4,1
DA:5,1
DA:6,1
DA:7,1
DA:16,1
DA:17,1
DA:19,1
DA:20,1
DA:27,0
DA:28,0
DA:41,0
DA:42,0
DA:44,0
DA:50,0
DA:51,0
DA:53,0
DA:54,0
DA:55,0
DA:56,0
DA:57,0
DA:58,0
DA:59,0
DA:60,0
DA:63,0
DA:72,0
DA:81,0
DA:82,0
DA:84,0
DA:85,0
DA:91,0
DA:92,0
DA:93,0
DA:94,0
DA:96,0
DA:105,0
DA:109,0
DA:110,0
DA:113,0
DA:122,0
DA:132,0
DA:133,0
DA:135,0
DA:137,0
DA:138,0
DA:139,0
DA:140,0
DA:141,0
DA:143,0
DA:149,0
DA:153,0
DA:154,0
DA:156,0
DA:158,0
DA:159,0
DA:160,0
DA:161,0
DA:162,0
DA:164,0
DA:169,0
DA:173,0
DA:174,0
DA:176,0
DA:177,0
DA:178,0
DA:180,0
DA:185,0
DA:189,0
DA:190,0
DA:192,0
DA:193,0
DA:194,0
DA:195,0
DA:196,0
DA:198,0
DA:202,0
DA:206,0
DA:207,0
DA:209,0
DA:210,0
DA:211,0
DA:212,0
DA:213,0
DA:215,0
DA:219,0
DA:223,0
DA:225,0
DA:233,0
DA:242,0
DA:244,0
DA:251,0
DA:252,0
DA:260,0
DA:261,0
DA:262,0
DA:263,0
DA:266,0
DA:275,0
DA:278,0
DA:279,0
DA:280,0
DA:281,0
DA:284,0
DA:290,0
DA:302,0
DA:311,0
DA:312,0
DA:313,0
DA:314,0
DA:315,0
DA:317,0
DA:331,0
DA:333,0
DA:348,0
DA:354,0
DA:358,0
DA:359,0
DA:361,0
DA:362,0
DA:364,0
DA:375,0
DA:376,0
DA:377,0
DA:378,0
DA:381,0
DA:382,0
DA:383,0
DA:384,0
DA:385,0
DA:386,0
DA:389,0
DA:395,0
DA:396,0
DA:400,0
DA:407,0
DA:409,0
DA:412,0
DA:423,0
DA:424,0
DA:425,0
DA:428,0
DA:429,0
DA:437,0
DA:438,0
DA:444,0
DA:445,0
DA:451,0
DA:452,0
DA:456,0
DA:457,0
DA:460,0
DA:463,0
DA:464,0
DA:466,0
DA:467,0
DA:468,0
DA:469,0
DA:473,0
DA:476,0
DA:478,0
DA:482,0
DA:492,0
DA:493,0
DA:495,0
DA:496,0
DA:498,0
DA:501,0
DA:505,0
DA:509,0
DA:510,0
DA:512,0
DA:514,0
DA:515,0
DA:516,0
DA:517,0
DA:518,0
DA:519,0
DA:520,0
DA:521,0
DA:524,0
DA:525,0
DA:532,0
DA:534,0
DA:535,0
DA:536,0
DA:540,0
DA:541,0
DA:542,0
DA:543,0
DA:544,0
DA:545,0
DA:548,0
DA:551,0
DA:554,0
DA:560,0
DA:564,0
DA:565,0
DA:567,0
DA:569,0
DA:570,0
DA:571,0
DA:572,0
DA:573,0
DA:574,0
DA:577,0
DA:578,0
DA:584,0
DA:586,0
DA:587,0
DA:588,0
DA:591,0
DA:592,0
DA:593,0
DA:594,0
DA:595,0
DA:596,0
DA:599,0
DA:602,0
DA:605,0
DA:611,0
DA:615,0
DA:616,0
DA:618,0
DA:620,0
DA:621,0
DA:622,0
DA:623,0
DA:624,0
DA:625,0
DA:626,0
DA:627,0
DA:630,0
DA:631,0
DA:637,0
DA:638,0
DA:639,0
DA:641,0
DA:645,0
DA:646,0
DA:647,0
DA:648,0
DA:649,0
DA:650,0
DA:653,0
DA:656,0
DA:659,0
DA:665,0
DA:669,0
DA:670,0
DA:672,0
DA:673,0
DA:674,0
DA:675,0
DA:676,0
DA:679,0
DA:680,0
DA:681,0
DA:682,0
DA:685,0
DA:690,0
DA:694,0
DA:695,0
DA:697,0
DA:698,0
DA:699,0
DA:700,0
DA:701,0
DA:704,0
DA:705,0
DA:706,0
DA:707,0
DA:710,0
DA:714,0
DA:718,0
DA:719,0
DA:721,0
DA:722,0
DA:725,0
DA:726,0
DA:727,0
DA:728,0
DA:731,0
DA:736,0
DA:740,0
DA:741,0
DA:743,0
DA:744,0
DA:745,0
DA:748,0
DA:749,0
DA:750,0
DA:751,0
DA:754,0
DA:759,0
DA:768,0
DA:769,0
DA:771,0
DA:772,0
DA:773,0
DA:774,0
DA:775,0
DA:776,0
DA:777,0
DA:780,0
DA:791,0
DA:797,0
DA:801,0
DA:805,0
DA:807,0
DA:815,0
DA:816,0
DA:818,0
DA:819,0
DA:820,0
DA:821,0
DA:823,0
DA:829,0
DA:833,0
DA:834,0
DA:836,0
DA:837,0
DA:838,0
DA:839,0
DA:841,0
DA:843,0
DA:846,0
DA:847,0
DA:848,0
DA:851,0
DA:852,0
DA:853,0
DA:854,0
DA:855,0
DA:863,0
DA:864,0
DA:865,0
DA:866,0
DA:869,0
DA:882,0
DA:883,0
DA:889,0
DA:891,0
DA:901,0
DA:908,0
DA:909,0
DA:912,0
DA:924,0
DA:925,0
DA:927,0
DA:928,0
DA:931,0
DA:932,0
DA:935,0
DA:936,0
DA:939,0
DA:940,0
DA:941,0
DA:942,0
DA:943,0
DA:946,0
DA:947,0
DA:948,0
DA:951,0
DA:953,0
DA:962,0
DA:967,0
DA:968,0
DA:970,0
DA:971,0
DA:974,0
DA:975,0
DA:976,0
DA:977,0
DA:979,0
DA:984,0
DA:995,0
DA:1012,0
DA:1027,0
DA:1028,0
DA:1029,0
DA:1030,0
DA:1031,0
DA:1049,0
DA:1061,0
DA:1067,0
DA:1068,0
DA:1069,0
DA:1070,0
DA:1071,0
DA:1072,0
DA:1073,0
DA:1074,0
DA:1075,0
DA:1076,0
DA:1078,0
DA:1079,0
DA:1080,0
DA:1083,0
DA:1093,0
DA:1101,0
DA:1130,0
DA:1137,0
DA:1139,0
DA:1140,0
DA:1145,0
DA:1147,0
DA:1155,0
DA:1156,0
DA:1161,0
DA:1170,0
DA:1171,0
DA:1176,0
DA:1177,0
DA:1183,0
DA:1190,0
DA:1196,0
DA:1202,0
DA:1204,0
DA:1205,0
DA:1207,0
DA:1211,0
DA:1213,0
DA:1216,0
DA:1218,0
DA:1219,0
DA:1220,0
DA:1222,0
DA:1225,0
DA:1234,0
DA:1235,0
DA:1241,0
DA:1245,0
DA:1247,0
DA:1251,0
DA:1255,0
DA:1256,0
DA:1258,0
DA:1259,0
DA:1260,0
DA:1262,0
DA:1267,0
DA:1271,0
DA:1272,0
DA:1275,0
DA:1276,0
DA:1277,0
DA:1280,0
DA:1281,0
DA:1283,0
DA:1287,0
DA:1291,0
DA:1292,0
DA:1294,0
DA:1295,0
DA:1296,0
DA:1298,0
DA:1302,0
DA:1311,0
DA:1312,0
DA:1313,0
DA:1315,0
DA:1319,0
DA:1320,0
DA:1333,0
DA:1337,0
DA:1339,0
DA:1343,0
DA:1347,0
DA:1348,0
DA:1350,0
DA:1351,0
DA:1352,0
DA:1354,0
DA:1359,0
DA:1363,0
DA:1364,0
DA:1366,0
DA:1367,0
DA:1369,0
DA:1373,0
DA:1377,0
DA:1378,0
DA:1380,0
DA:1381,0
DA:1382,0
DA:1384,0
DA:1388,0
DA:1392,0
DA:1396,0
DA:1405,0
DA:1406,0
DA:1408,0
DA:1409,0
DA:1410,0
DA:1412,0
DA:1421,0
DA:1425,0
DA:1429,0
DA:1431,0
DA:1435,0
DA:1439,0
DA:1444,0
DA:1445,0
DA:1449,0
DA:1450,0
DA:1451,0
DA:1455,0
DA:1456,0
DA:1469,0
DA:1473,0
DA:1485,0
DA:1486,0
DA:1488,0
DA:1489,0
DA:1490,0
DA:1492,0
DA:1503,0
DA:1507,0
DA:1512,0
DA:1513,0
DA:1517,0
DA:1518,0
DA:1519,0
DA:1520,0
DA:1523,0
DA:1524,0
DA:1525,0
DA:1526,0
DA:1527,0
DA:1532,0
DA:1534,0
DA:1539,0
DA:1543,0
DA:1544,0
DA:1545,0
DA:1546,0
DA:1549,0
DA:1550,0
DA:1551,0
DA:1552,0
DA:1553,0
DA:1558,0
DA:1560,0
DA:1565,0
DA:1569,0
DA:1570,0
DA:1571,0
DA:1572,0
DA:1576,0
DA:1577,0
DA:1578,0
DA:1579,0
DA:1582,0
DA:1583,0
DA:1584,0
DA:1589,0
DA:1591,0
DA:1600,0
DA:1604,0
DA:1605,0
DA:1607,0
DA:1612,0
DA:1616,0
DA:1621,0
DA:1623,0
DA:1627,0
DA:1631,0
DA:1632,0
DA:1635,0
DA:1637,0
DA:1641,0
DA:1650,0
DA:1654,0
DA:1658,0
DA:1659,0
DA:1661,0
DA:1665,0
DA:1669,0
DA:1670,0
DA:1671,0
DA:1674,0
DA:1680,0
DA:1681,0
DA:1683,0
DA:1688,0
DA:1692,0
DA:1693,0
DA:1694,0
DA:1697,0
DA:1699,0
DA:1703,0
DA:1708,1
LF:593
LH:11
BRDA:26,0,0,0
BRDA:26,1,0,0
BRDA:38,2,0,0
BRDA:38,2,1,0
BRDA:49,3,0,0
BRDA:49,4,0,0
BRDA:50,5,0,0
BRDA:50,6,0,0
BRDA:53,7,0,0
BRDA:53,7,1,0
BRDA:54,8,0,0
BRDA:54,8,1,0
BRDA:55,9,0,0
BRDA:55,9,1,0
BRDA:56,10,0,0
BRDA:56,10,1,0
BRDA:57,11,0,0
BRDA:57,11,1,0
BRDA:57,12,0,0
BRDA:57,12,1,0
BRDA:59,13,0,0
BRDA:59,13,1,0
BRDA:60,14,0,0
BRDA:60,14,1,0
BRDA:80,15,0,0
BRDA:80,16,0,0
BRDA:81,17,0,0
BRDA:81,18,0,0
BRDA:84,19,0,0
BRDA:84,19,1,0
BRDA:91,20,0,0
BRDA:91,20,1,0
BRDA:92,21,0,0
BRDA:92,21,1,0
BRDA:93,22,0,0
BRDA:93,22,1,0
BRDA:94,23,0,0
BRDA:94,23,1,0
BRDA:110,24,0,0
BRDA:110,24,1,0
BRDA:126,25,0,0
BRDA:126,25,1,0
BRDA:133,26,0,0
BRDA:133,26,1,0
BRDA:154,27,0,0
BRDA:154,27,1,0
BRDA:174,28,0,0
BRDA:174,28,1,0
BRDA:190,29,0,0
BRDA:190,29,1,0
BRDA:207,30,0,0
BRDA:207,30,1,0
BRDA:222,31,0,0
BRDA:223,32,0,0
BRDA:223,33,0,0
BRDA:241,34,0,0
BRDA:241,35,0,0
BRDA:242,36,0,0
BRDA:242,37,0,0
BRDA:251,38,0,0
BRDA:251,38,1,0
BRDA:260,39,0,0
BRDA:260,39,1,0
BRDA:262,40,0,0
BRDA:262,40,1,0
BRDA:284,41,0,0
BRDA:284,41,1,0
BRDA:290,42,0,0
BRDA:290,42,1,0
BRDA:315,43,0,0
BRDA:315,43,1,0
BRDA:325,44,0,0
BRDA:325,44,1,0
BRDA:327,45,0,0
BRDA:327,45,1,0
BRDA:327,46,0,0
BRDA:327,46,1,0
BRDA:348,47,0,0
BRDA:348,47,1,0
BRDA:359,48,0,0
BRDA:359,48,1,0
BRDA:359,49,0,0
BRDA:359,49,1,0
BRDA:362,50,0,0
BRDA:362,50,1,0
BRDA:377,51,0,0
BRDA:377,51,1,0
BRDA:384,52,0,0
BRDA:384,52,1,0
BRDA:386,53,0,0
BRDA:386,53,1,0
BRDA:395,54,0,0
BRDA:395,54,1,0
BRDA:395,54,2,0
BRDA:401,55,0,0
BRDA:401,55,1,0
BRDA:406,56,0,0
BRDA:406,56,1,0
BRDA:422,57,0,0
BRDA:422,58,0,0
BRDA:423,59,0,0
BRDA:423,60,0,0
BRDA:428,61,0,0
BRDA:428,61,1,0
BRDA:437,62,0,0
BRDA:437,62,1,0
BRDA:437,63,0,0
BRDA:437,63,1,0
BRDA:444,64,0,0
BRDA:444,64,1,0
BRDA:451,65,0,0
BRDA:451,65,1,0
BRDA:456,66,0,0
BRDA:456,66,1,0
BRDA:460,67,0,0
BRDA:460,67,1,0
BRDA:463,68,0,0
BRDA:463,68,1,0
BRDA:466,69,0,0
BRDA:466,69,1,0
BRDA:468,70,0,0
BRDA:468,70,1,0
BRDA:495,71,0,0
BRDA:495,71,1,0
BRDA:496,72,0,0
BRDA:496,72,1,0
BRDA:504,73,0,0
BRDA:510,74,0,0
BRDA:510,74,1,0
BRDA:524,75,0,0
BRDA:524,75,1,0
BRDA:543,76,0,0
BRDA:543,76,1,0
BRDA:565,77,0,0
BRDA:565,77,1,0
BRDA:577,78,0,0
BRDA:577,78,1,0
BRDA:594,79,0,0
BRDA:594,79,1,0
BRDA:616,80,0,0
BRDA:616,80,1,0
BRDA:630,81,0,0
BRDA:630,81,1,0
BRDA:648,82,0,0
BRDA:648,82,1,0
BRDA:670,83,0,0
BRDA:670,83,1,0
BRDA:679,84,0,0
BRDA:679,84,1,0
BRDA:695,85,0,0
BRDA:695,85,1,0
BRDA:704,86,0,0
BRDA:704,86,1,0
BRDA:719,87,0,0
BRDA:719,87,1,0
BRDA:725,88,0,0
BRDA:725,88,1,0
BRDA:741,89,0,0
BRDA:741,89,1,0
BRDA:748,90,0,0
BRDA:748,90,1,0
BRDA:767,91,0,0
BRDA:767,92,0,0
BRDA:768,93,0,0
BRDA:768,94,0,0
BRDA:771,95,0,0
BRDA:771,95,1,0
BRDA:772,96,0,0
BRDA:772,96,1,0
BRDA:773,97,0,0
BRDA:773,97,1,0
BRDA:774,98,0,0
BRDA:774,98,1,0
BRDA:774,99,0,0
BRDA:774,99,1,0
BRDA:776,100,0,0
BRDA:776,100,1,0
BRDA:777,101,0,0
BRDA:777,101,1,0
BRDA:793,102,0,0
BRDA:793,102,1,0
BRDA:794,103,0,0
BRDA:794,103,1,0
BRDA:805,104,0,0
BRDA:805,104,1,0
BRDA:809,105,0,0
BRDA:809,105,1,0
BRDA:810,106,0,0
BRDA:810,106,1,0
BRDA:816,107,0,0
BRDA:816,107,1,0
BRDA:832,108,0,0
BRDA:836,109,0,0
BRDA:836,109,1,0
BRDA:836,110,0,0
BRDA:836,110,1,0
BRDA:838,111,0,0
BRDA:838,111,1,0
BRDA:839,112,0,0
BRDA:839,112,1,0
BRDA:841,113,0,0
BRDA:841,113,1,0
BRDA:846,114,0,0
BRDA:846,114,1,0
BRDA:853,115,0,0
BRDA:853,115,1,0
BRDA:854,116,0,0
BRDA:854,116,1,0
BRDA:864,117,0,0
BRDA:864,117,1,0
BRDA:865,118,0,0
BRDA:865,118,1,0
BRDA:866,119,0,0
BRDA:866,119,1,0
BRDA:881,120,0,0
BRDA:881,121,0,0
BRDA:882,122,0,0
BRDA:882,123,0,0
BRDA:889,124,0,0
BRDA:889,124,1,0
BRDA:903,125,0,0
BRDA:903,125,1,0
BRDA:904,126,0,0
BRDA:904,126,1,0
BRDA:909,127,0,0
BRDA:909,127,1,0
BRDA:925,128,0,0
BRDA:925,128,1,0
BRDA:927,129,0,0
BRDA:927,129,1,0
BRDA:931,130,0,0
BRDA:931,130,1,0
BRDA:935,131,0,0
BRDA:935,131,1,0
BRDA:946,132,0,0
BRDA:946,132,1,0
BRDA:968,133,0,0
BRDA:968,133,1,0
BRDA:970,134,0,0
BRDA:970,134,1,0
BRDA:1013,135,0,0
BRDA:1013,135,1,0
BRDA:1014,136,0,0
BRDA:1014,136,1,0
BRDA:1015,137,0,0
BRDA:1015,137,1,0
BRDA:1061,138,0,0
BRDA:1061,138,1,0
BRDA:1067,139,0,0
BRDA:1067,139,1,0
BRDA:1070,140,0,0
BRDA:1070,140,1,0
BRDA:1073,141,0,0
BRDA:1073,141,1,0
BRDA:1076,142,0,0
BRDA:1076,142,1,0
BRDA:1079,143,0,0
BRDA:1079,143,1,0
BRDA:1087,144,0,0
BRDA:1087,144,1,0
BRDA:1088,145,0,0
BRDA:1088,145,1,0
BRDA:1129,146,0,0
BRDA:1136,147,0,0
BRDA:1145,148,0,0
BRDA:1145,148,1,0
BRDA:1160,149,0,0
BRDA:1160,150,0,0
BRDA:1170,151,0,0
BRDA:1170,151,1,0
BRDA:1176,152,0,0
BRDA:1176,152,1,0
BRDA:1199,153,0,0
BRDA:1202,154,0,0
BRDA:1202,154,1,0
BRDA:1202,154,2,0
BRDA:1202,154,3,0
BRDA:1202,154,4,0
BRDA:1233,155,0,0
BRDA:1234,156,0,0
BRDA:1234,156,1,0
BRDA:1256,157,0,0
BRDA:1256,157,1,0
BRDA:1272,158,0,0
BRDA:1272,158,1,0
BRDA:1276,159,0,0
BRDA:1276,159,1,0
BRDA:1292,160,0,0
BRDA:1292,160,1,0
BRDA:1298,161,0,0
BRDA:1298,161,1,0
BRDA:1310,162,0,0
BRDA:1312,163,0,0
BRDA:1312,163,1,0
BRDA:1313,164,0,0
BRDA:1313,164,1,0
BRDA:1318,165,0,0
BRDA:1348,166,0,0
BRDA:1348,166,1,0
BRDA:1364,167,0,0
BRDA:1364,167,1,0
BRDA:1378,168,0,0
BRDA:1378,168,1,0
BRDA:1384,169,0,0
BRDA:1384,169,1,0
BRDA:1404,170,0,0
BRDA:1404,171,0,0
BRDA:1405,172,0,0
BRDA:1405,173,0,0
BRDA:1408,174,0,0
BRDA:1408,174,1,0
BRDA:1409,175,0,0
BRDA:1409,175,1,0
BRDA:1410,176,0,0
BRDA:1410,176,1,0
BRDA:1444,177,0,0
BRDA:1444,177,1,0
BRDA:1450,178,0,0
BRDA:1450,178,1,0
BRDA:1460,179,0,0
BRDA:1460,179,1,0
BRDA:1484,180,0,0
BRDA:1484,181,0,0
BRDA:1485,182,0,0
BRDA:1485,183,0,0
BRDA:1488,184,0,0
BRDA:1488,184,1,0
BRDA:1489,185,0,0
BRDA:1489,185,1,0
BRDA:1490,186,0,0
BRDA:1490,186,1,0
BRDA:1512,187,0,0
BRDA:1512,187,1,0
BRDA:1518,188,0,0
BRDA:1518,188,1,0
BRDA:1519,189,0,0
BRDA:1519,189,1,0
BRDA:1519,190,0,0
BRDA:1519,190,1,0
BRDA:1529,191,0,0
BRDA:1529,191,1,0
BRDA:1544,192,0,0
BRDA:1544,192,1,0
BRDA:1545,193,0,0
BRDA:1545,193,1,0
BRDA:1545,194,0,0
BRDA:1545,194,1,0
BRDA:1570,195,0,0
BRDA:1570,195,1,0
BRDA:1571,196,0,0
BRDA:1571,196,1,0
BRDA:1577,197,0,0
BRDA:1577,197,1,0
BRDA:1577,198,0,0
BRDA:1577,198,1,0
BRDA:1618,199,0,0
BRDA:1618,199,1,0
BRDA:1631,200,0,0
BRDA:1631,200,1,0
BRDA:1631,201,0,0
BRDA:1631,201,1,0
BRDA:1670,202,0,0
BRDA:1670,202,1,0
BRDA:1693,203,0,0
BRDA:1693,203,1,0
BRF:365
BRH:0
end_of_record
TN:
SF:modules\admin\services\escrow.service.js
FN:13,(anonymous_0)
FN:35,(anonymous_1)
FN:69,(anonymous_2)
FN:110,(anonymous_3)
FN:146,(anonymous_4)
FNF:5
FNH:0
FNDA:0,(anonymous_0)
FNDA:0,(anonymous_1)
FNDA:0,(anonymous_2)
FNDA:0,(anonymous_3)
FNDA:0,(anonymous_4)
DA:1,1
DA:2,1
DA:3,1
DA:4,1
DA:14,0
DA:15,0
DA:16,0
DA:17,0
DA:20,0
DA:21,0
DA:22,0
DA:24,0
DA:25,0
DA:27,0
DA:28,0
DA:36,0
DA:37,0
DA:38,0
DA:39,0
DA:42,0
DA:43,0
DA:46,0
DA:47,0
DA:48,0
DA:49,0
DA:52,0
DA:53,0
DA:58,0
DA:59,0
DA:61,0
DA:62,0
DA:70,0
DA:71,0
DA:72,0
DA:73,0
DA:76,0
DA:77,0
DA:80,0
DA:81,0
DA:82,0
DA:83,0
DA:84,0
DA:87,0
DA:99,0
DA:100,0
DA:102,0
DA:103,0
DA:111,0
DA:112,0
DA:113,0
DA:114,0
DA:117,0
DA:118,0
DA:121,0
DA:122,0
DA:123,0
DA:124,0
DA:130,0
DA:135,0
DA:136,0
DA:138,0
DA:139,0
DA:147,0
DA:148,0
DA:149,0
DA:151,0
DA:152,0
DA:157,1
LF:68
LH:5
BRDA:16,0,0,0
BRDA:16,0,1,0
BRDA:38,1,0,0
BRDA:38,1,1,0
BRDA:42,2,0,0
BRDA:42,2,1,0
BRDA:52,3,0,0
BRDA:52,3,1,0
BRDA:72,4,0,0
BRDA:72,4,1,0
BRDA:76,5,0,0
BRDA:76,5,1,0
BRDA:113,6,0,0
BRDA:113,6,1,0
BRDA:117,7,0,0
BRDA:117,7,1,0
BRF:16
BRH:0
end_of_record
TN:
SF:modules\cart\cart.controller.js
FN:10,(anonymous_0)
FN:21,(anonymous_1)
FN:31,(anonymous_2)
FN:42,(anonymous_3)
FN:53,(anonymous_4)
FNF:5
FNH:0
FNDA:0,(anonymous_0)
FNDA:0,(anonymous_1)
FNDA:0,(anonymous_2)
FNDA:0,(anonymous_3)
FNDA:0,(anonymous_4)
DA:8,1
DA:10,1
DA:11,0
DA:12,0
DA:13,0
DA:14,0
DA:15,0
DA:17,0
DA:21,1
DA:22,0
DA:23,0
DA:24,0
DA:25,0
DA:27,0
DA:31,1
DA:32,0
DA:33,0
DA:34,0
DA:35,0
DA:36,0
DA:38,0
DA:42,1
DA:43,0
DA:44,0
DA:45,0
DA:46,0
DA:47,0
DA:49,0
DA:53,1
DA:54,0
DA:55,0
DA:56,0
DA:57,0
DA:59,0
LF:34
LH:6
BRF:0
BRH:0
end_of_record
TN:
SF:modules\cart\cart.model.js
FNF:0
FNH:0
DA:1,2
DA:3,2
DA:9,2
DA:17,2
DA:18,2
DA:19,2
DA:21,2
LF:7
LH:7
BRF:0
BRH:0
end_of_record
TN:
SF:modules\cart\cart.routes.js
FNF:0
FNH:0
DA:1,1
DA:2,1
DA:3,1
DA:4,1
DA:5,1
DA:6,1
DA:7,1
DA:8,1
DA:11,1
DA:13,1
DA:14,1
DA:15,1
DA:17,1
DA:18,1
DA:19,1
DA:20,1
DA:21,1
DA:23,1
LF:18
LH:18
BRF:0
BRH:0
end_of_record
TN:
SF:modules\cart\cart.service.js
FN:9,(anonymous_0)
FN:14,(anonymous_1)
FN:25,(anonymous_2)
FN:36,(anonymous_3)
FN:46,(anonymous_4)
FN:54,(anonymous_5)
FN:57,(anonymous_6)
FN:65,(anonymous_7)
FN:75,(anonymous_8)
FN:91,(anonymous_9)
FN:107,(anonymous_10)
FN:109,(anonymous_11)
FN:115,(anonymous_12)
FN:121,(anonymous_13)
FN:126,(anonymous_14)
FN:127,(anonymous_15)
FN:190,(anonymous_16)
FN:208,(anonymous_17)
FN:214,(anonymous_18)
FN:222,(anonymous_19)
FN:229,(anonymous_20)
FN:232,(anonymous_21)
FNF:22
FNH:4
FNDA:0,(anonymous_0)
FNDA:2,(anonymous_1)
FNDA:0,(anonymous_2)
FNDA:0,(anonymous_3)
FNDA:0,(anonymous_4)
FNDA:0,(anonymous_5)
FNDA:0,(anonymous_6)
FNDA:2,(anonymous_7)
FNDA:0,(anonymous_8)
FNDA:0,(anonymous_9)
FNDA:2,(anonymous_10)
FNDA:0,(anonymous_11)
FNDA:0,(anonymous_12)
FNDA:0,(anonymous_13)
FNDA:0,(anonymous_14)
FNDA:0,(anonymous_15)
FNDA:2,(anonymous_16)
FNDA:0,(anonymous_17)
FNDA:0,(anonymous_18)
FNDA:0,(anonymous_19)
FNDA:0,(anonymous_20)
FNDA:0,(anonymous_21)
DA:1,2
DA:2,2
DA:3,2
DA:4,2
DA:5,2
DA:6,2
DA:7,2
DA:9,2
DA:14,2
DA:15,2
DA:16,2
DA:17,2
DA:19,0
DA:20,0
DA:25,2
DA:26,0
DA:27,0
DA:28,0
DA:30,0
DA:31,0
DA:36,2
DA:37,0
DA:39,0
DA:40,0
DA:41,0
DA:43,0
DA:45,0
DA:46,0
DA:47,0
DA:50,0
DA:54,2
DA:55,0
DA:56,0
DA:57,0
DA:59,0
DA:65,2
DA:66,2
DA:68,0
DA:70,0
DA:71,0
DA:73,0
DA:74,0
DA:76,0
DA:79,0
DA:82,0
DA:83,0
DA:84,0
DA:87,0
DA:88,0
DA:90,0
DA:92,0
DA:95,0
DA:96,0
DA:98,0
DA:102,0
DA:103,0
DA:107,2
DA:108,2
DA:109,0
DA:110,0
DA:113,2
DA:114,2
DA:115,0
DA:117,2
DA:121,2
DA:122,0
DA:124,0
DA:126,0
DA:127,0
DA:129,0
DA:132,0
DA:134,0
DA:136,0
DA:137,0
DA:139,0
DA:140,0
DA:142,0
DA:143,0
DA:147,0
DA:157,0
DA:158,0
DA:159,0
DA:161,0
DA:164,0
DA:165,0
DA:169,0
DA:179,0
DA:180,0
DA:181,0
DA:183,0
DA:190,2
DA:191,2
DA:192,0
DA:195,0
DA:196,0
DA:197,0
DA:199,0
DA:202,0
DA:208,0
DA:210,0
DA:214,2
DA:215,0
DA:221,0
DA:222,0
DA:225,0
DA:229,2
DA:230,0
DA:231,0
DA:232,0
DA:233,0
DA:235,0
LF:111
LH:27
BRDA:16,0,0,2
BRDA:16,0,1,0
BRDA:16,1,0,2
BRDA:16,1,1,2
BRDA:19,2,0,0
BRDA:19,2,1,0
BRDA:19,3,0,0
BRDA:19,3,1,0
BRDA:27,4,0,0
BRDA:27,4,1,0
BRDA:27,5,0,0
BRDA:27,5,1,0
BRDA:30,6,0,0
BRDA:30,6,1,0
BRDA:30,7,0,0
BRDA:30,7,1,0
BRDA:30,7,2,0
BRDA:37,8,0,0
BRDA:37,8,1,0
BRDA:43,9,0,0
BRDA:43,9,1,0
BRDA:45,10,0,0
BRDA:45,10,1,0
BRDA:45,11,0,0
BRDA:45,11,1,0
BRDA:45,11,2,0
BRDA:47,12,0,0
BRDA:47,12,1,0
BRDA:50,13,0,0
BRDA:50,13,1,0
BRDA:56,14,0,0
BRDA:56,14,1,0
BRDA:73,15,0,0
BRDA:73,15,1,0
BRDA:76,16,0,0
BRDA:76,16,1,0
BRDA:79,17,0,0
BRDA:79,17,1,0
BRDA:83,18,0,0
BRDA:83,18,1,0
BRDA:87,19,0,0
BRDA:87,19,1,0
BRDA:92,20,0,0
BRDA:92,20,1,0
BRDA:95,21,0,0
BRDA:95,21,1,0
BRDA:108,22,0,0
BRDA:108,22,1,2
BRDA:110,23,0,0
BRDA:110,23,1,0
BRDA:114,24,0,0
BRDA:114,24,1,2
BRDA:114,25,0,2
BRDA:114,25,1,1
BRDA:117,26,0,2
BRDA:117,26,1,1
BRDA:134,27,0,0
BRDA:134,27,1,0
BRDA:134,28,0,0
BRDA:134,28,1,0
BRDA:139,29,0,0
BRDA:139,29,1,0
BRDA:142,30,0,0
BRDA:142,30,1,0
BRDA:158,31,0,0
BRDA:158,31,1,0
BRDA:164,32,0,0
BRDA:164,32,1,0
BRDA:180,33,0,0
BRDA:180,33,1,0
BRDA:191,34,0,2
BRDA:191,34,1,0
BRDA:191,35,0,2
BRDA:191,35,1,2
BRDA:195,36,0,0
BRDA:195,36,1,0
BRDA:196,37,0,0
BRDA:196,37,1,0
BRDA:208,38,0,0
BRDA:208,38,1,0
BRDA:210,39,0,0
BRDA:210,39,1,0
BRDA:221,40,0,0
BRDA:221,40,1,0
BRDA:230,41,0,0
BRDA:230,41,1,0
BRDA:233,42,0,0
BRDA:233,42,1,0
BRF:88
BRH:12
end_of_record
TN:
SF:modules\messages\conversation.model.js
FN:85,(anonymous_0)
FNF:1
FNH:0
FNDA:0,(anonymous_0)
DA:1,1
DA:3,1
DA:81,1
DA:82,1
DA:83,1
DA:85,1
DA:86,0
DA:87,0
DA:90,1
LF:9
LH:7
BRF:0
BRH:0
end_of_record
TN:
SF:modules\messages\message.controller.js
FN:4,(anonymous_0)
FN:37,(anonymous_1)
FN:88,(anonymous_2)
FN:115,(anonymous_3)
FN:141,(anonymous_4)
FN:174,(anonymous_5)
FN:195,(anonymous_6)
FN:216,(anonymous_7)
FN:248,(anonymous_8)
FN:281,(anonymous_9)
FNF:10
FNH:0
FNDA:0,(anonymous_0)
FNDA:0,(anonymous_1)
FNDA:0,(anonymous_2)
FNDA:0,(anonymous_3)
FNDA:0,(anonymous_4)
FNDA:0,(anonymous_5)
FNDA:0,(anonymous_6)
FNDA:0,(anonymous_7)
FNDA:0,(anonymous_8)
FNDA:0,(anonymous_9)
DA:1,1
DA:4,1
DA:5,0
DA:6,0
DA:7,0
DA:9,0
DA:10,0
DA:16,0
DA:23,0
DA:28,0
DA:29,0
DA:37,1
DA:38,0
DA:39,0
DA:40,0
DA:42,0
DA:43,0
DA:50,0
DA:51,0
DA:53,0
DA:54,0
DA:60,0
DA:61,0
DA:63,0
DA:74,0
DA:79,0
DA:80,0
DA:88,1
DA:89,0
DA:90,0
DA:91,0
DA:92,0
DA:94,0
DA:101,0
DA:106,0
DA:107,0
DA:115,1
DA:116,0
DA:117,0
DA:118,0
DA:120,0
DA:127,0
DA:132,0
DA:133,0
DA:141,1
DA:142,0
DA:143,0
DA:144,0
DA:145,0
DA:147,0
DA:148,0
DA:154,0
DA:160,0
DA:165,0
DA:166,0
DA:174,1
DA:175,0
DA:176,0
DA:177,0
DA:179,0
DA:181,0
DA:186,0
DA:187,0
DA:195,1
DA:196,0
DA:197,0
DA:198,0
DA:200,0
DA:202,0
DA:207,0
DA:208,0
DA:216,1
DA:217,0
DA:218,0
DA:219,0
DA:221,0
DA:222,0
DA:228,0
DA:234,0
DA:239,0
DA:240,0
DA:248,1
DA:249,0
DA:250,0
DA:251,0
DA:252,0
DA:254,0
DA:255,0
DA:261,0
DA:267,0
DA:272,0
DA:273,0
DA:281,1
DA:282,0
DA:283,0
DA:284,0
DA:285,0
DA:287,0
DA:288,0
DA:294,0
DA:300,0
DA:305,0
DA:306,0
LF:103
LH:11
BRDA:6,0,0,0
BRDA:6,0,1,0
BRDA:9,1,0,0
BRDA:9,1,1,0
BRDA:31,2,0,0
BRDA:31,2,1,0
BRDA:39,3,0,0
BRDA:39,3,1,0
BRDA:42,4,0,0
BRDA:42,4,1,0
BRDA:42,5,0,0
BRDA:42,5,1,0
BRDA:53,6,0,0
BRDA:53,6,1,0
BRDA:61,7,0,0
BRDA:61,7,1,0
BRDA:82,8,0,0
BRDA:82,8,1,0
BRDA:90,9,0,0
BRDA:90,9,1,0
BRDA:92,10,0,0
BRDA:92,11,0,0
BRDA:109,12,0,0
BRDA:109,12,1,0
BRDA:117,13,0,0
BRDA:117,13,1,0
BRDA:118,14,0,0
BRDA:118,15,0,0
BRDA:118,16,0,0
BRDA:143,17,0,0
BRDA:143,17,1,0
BRDA:147,18,0,0
BRDA:147,18,1,0
BRDA:168,19,0,0
BRDA:168,19,1,0
BRDA:176,20,0,0
BRDA:176,20,1,0
BRDA:189,21,0,0
BRDA:189,21,1,0
BRDA:197,22,0,0
BRDA:197,22,1,0
BRDA:198,23,0,0
BRDA:218,24,0,0
BRDA:218,24,1,0
BRDA:219,25,0,0
BRDA:221,26,0,0
BRDA:221,26,1,0
BRDA:250,27,0,0
BRDA:250,27,1,0
BRDA:254,28,0,0
BRDA:254,28,1,0
BRDA:275,29,0,0
BRDA:275,29,1,0
BRDA:283,30,0,0
BRDA:283,30,1,0
BRDA:287,31,0,0
BRDA:287,31,1,0
BRDA:308,32,0,0
BRDA:308,32,1,0
BRF:59
BRH:0
end_of_record
TN:
SF:modules\messages\message.model.js
FN:77,(anonymous_0)
FNF:1
FNH:0
FNDA:0,(anonymous_0)
DA:1,1
DA:3,1
DA:73,1
DA:74,1
DA:75,1
DA:77,1
DA:78,0
DA:79,0
DA:82,1
LF:9
LH:7
BRF:0
BRH:0
end_of_record
TN:
SF:modules\messages\message.routes.js
FNF:0
FNH:0
DA:1,1
DA:2,1
DA:3,1
DA:4,1
DA:7,1
DA:10,1
DA:11,1
DA:12,1
DA:13,1
DA:14,1
DA:17,1
DA:18,1
DA:19,1
DA:20,1
DA:23,1
DA:25,1
LF:16
LH:16
BRF:0
BRH:0
end_of_record
TN:
SF:modules\messages\message.service.js
FN:8,(anonymous_0)
FN:56,(anonymous_1)
FN:136,(anonymous_2)
FN:187,(anonymous_3)
FN:219,(anonymous_4)
FN:273,(anonymous_5)
FN:299,(anonymous_6)
FN:307,(anonymous_7)
FN:313,(anonymous_8)
FN:324,(anonymous_9)
FN:339,(anonymous_10)
FN:354,(anonymous_11)
FN:388,(anonymous_12)
FNF:13
FNH:0
FNDA:0,(anonymous_0)
FNDA:0,(anonymous_1)
FNDA:0,(anonymous_2)
FNDA:0,(anonymous_3)
FNDA:0,(anonymous_4)
FNDA:0,(anonymous_5)
FNDA:0,(anonymous_6)
FNDA:0,(anonymous_7)
FNDA:0,(anonymous_8)
FNDA:0,(anonymous_9)
FNDA:0,(anonymous_10)
FNDA:0,(anonymous_11)
FNDA:0,(anonymous_12)
DA:1,1
DA:2,1
DA:3,1
DA:4,1
DA:5,1
DA:8,1
DA:9,0
DA:10,0
DA:13,0
DA:14,0
DA:18,0
DA:20,0
DA:21,0
DA:22,0
DA:26,0
DA:27,0
DA:29,0
DA:30,0
DA:33,0
DA:34,0
DA:38,0
DA:45,0
DA:47,0
DA:48,0
DA:50,0
DA:51,0
DA:56,1
DA:57,0
DA:58,0
DA:60,0
DA:63,0
DA:64,0
DA:65,0
DA:69,0
DA:70,0
DA:72,0
DA:73,0
DA:78,0
DA:79,0
DA:80,0
DA:81,0
DA:82,0
DA:84,0
DA:87,0
DA:90,0
DA:101,0
DA:104,0
DA:112,0
DA:113,0
DA:115,0
DA:118,0
DA:119,0
DA:122,0
DA:126,0
DA:128,0
DA:130,0
DA:131,0
DA:136,1
DA:137,0
DA:138,0
DA:141,0
DA:142,0
DA:143,0
DA:147,0
DA:150,0
DA:151,0
DA:155,0
DA:165,0
DA:171,0
DA:173,0
DA:181,0
DA:182,0
DA:187,1
DA:188,0
DA:189,0
DA:191,0
DA:195,0
DA:203,0
DA:205,0
DA:213,0
DA:214,0
DA:219,1
DA:220,0
DA:221,0
DA:222,0
DA:223,0
DA:227,0
DA:228,0
DA:230,0
DA:231,0
DA:235,0
DA:237,0
DA:252,0
DA:253,0
DA:255,0
DA:258,0
DA:260,0
DA:262,0
DA:267,0
DA:268,0
DA:273,1
DA:274,0
DA:275,0
DA:276,0
DA:277,0
DA:281,0
DA:282,0
DA:285,0
DA:286,0
DA:287,0
DA:289,0
DA:291,0
DA:293,0
DA:294,0
DA:299,1
DA:300,0
DA:301,0
DA:305,0
DA:307,0
DA:308,0
DA:311,0
DA:314,0
DA:318,0
DA:319,0
DA:324,1
DA:325,0
DA:326,0
DA:327,0
DA:332,0
DA:339,0
DA:340,0
DA:341,0
DA:342,0
DA:343,0
DA:346,0
DA:348,0
DA:349,0
DA:354,1
DA:355,0
DA:356,0
DA:357,0
DA:358,0
DA:362,0
DA:363,0
DA:365,0
DA:366,0
DA:370,0
DA:371,0
DA:373,0
DA:376,0
DA:378,0
DA:380,0
DA:382,0
DA:383,0
DA:388,1
DA:389,0
DA:390,0
DA:391,0
DA:392,0
DA:396,0
DA:397,0
DA:399,0
DA:400,0
DA:404,0
DA:405,0
DA:407,0
DA:410,0
DA:412,0
DA:414,0
DA:416,0
DA:417,0
LF:171
LH:15
BRDA:8,0,0,0
BRDA:8,1,0,0
BRDA:13,2,0,0
BRDA:13,2,1,0
BRDA:20,3,0,0
BRDA:20,3,1,0
BRDA:29,4,0,0
BRDA:29,4,1,0
BRDA:33,5,0,0
BRDA:33,5,1,0
BRDA:64,6,0,0
BRDA:64,6,1,0
BRDA:72,7,0,0
BRDA:72,7,1,0
BRDA:72,8,0,0
BRDA:72,8,1,0
BRDA:78,9,0,0
BRDA:78,9,1,0
BRDA:78,10,0,0
BRDA:78,10,1,0
BRDA:80,11,0,0
BRDA:80,11,1,0
BRDA:80,12,0,0
BRDA:80,12,1,0
BRDA:82,13,0,0
BRDA:82,13,1,0
BRDA:82,14,0,0
BRDA:82,14,1,0
BRDA:95,15,0,0
BRDA:95,15,1,0
BRDA:112,16,0,0
BRDA:112,16,1,0
BRDA:136,17,0,0
BRDA:136,18,0,0
BRDA:142,19,0,0
BRDA:142,19,1,0
BRDA:147,20,0,0
BRDA:147,20,1,0
BRDA:150,21,0,0
BRDA:150,21,1,0
BRDA:187,22,0,0
BRDA:187,23,0,0
BRDA:187,24,0,0
BRDA:191,25,0,0
BRDA:191,25,1,0
BRDA:222,26,0,0
BRDA:222,26,1,0
BRDA:230,27,0,0
BRDA:230,27,1,0
BRDA:230,28,0,0
BRDA:230,28,1,0
BRDA:235,29,0,0
BRDA:235,29,1,0
BRDA:252,30,0,0
BRDA:252,30,1,0
BRDA:276,31,0,0
BRDA:276,31,1,0
BRDA:281,32,0,0
BRDA:281,32,1,0
BRDA:301,33,0,0
BRDA:301,33,1,0
BRDA:308,34,0,0
BRDA:308,34,1,0
BRDA:314,35,0,0
BRDA:314,35,1,0
BRDA:327,36,0,0
BRDA:327,36,1,0
BRDA:340,37,0,0
BRDA:340,37,1,0
BRDA:343,38,0,0
BRDA:343,38,1,0
BRDA:357,39,0,0
BRDA:357,39,1,0
BRDA:365,40,0,0
BRDA:365,40,1,0
BRDA:365,41,0,0
BRDA:365,41,1,0
BRDA:370,42,0,0
BRDA:370,42,1,0
BRDA:391,43,0,0
BRDA:391,43,1,0
BRDA:399,44,0,0
BRDA:399,44,1,0
BRDA:399,45,0,0
BRDA:399,45,1,0
BRDA:404,46,0,0
BRDA:404,46,1,0
BRF:87
BRH:0
end_of_record
TN:
SF:modules\orders\orders.controller.js
FN:12,(anonymous_0)
FN:61,(anonymous_1)
FN:71,(anonymous_2)
FN:82,(anonymous_3)
FN:92,(anonymous_4)
FN:102,(anonymous_5)
FN:113,(anonymous_6)
FN:126,(anonymous_7)
FNF:8
FNH:0
FNDA:0,(anonymous_0)
FNDA:0,(anonymous_1)
FNDA:0,(anonymous_2)
FNDA:0,(anonymous_3)
FNDA:0,(anonymous_4)
FNDA:0,(anonymous_5)
FNDA:0,(anonymous_6)
FNDA:0,(anonymous_7)
DA:10,1
DA:12,1
DA:13,0
DA:14,0
DA:15,0
DA:16,0
DA:18,0
DA:19,0
DA:20,0
DA:21,0
DA:22,0
DA:23,0
DA:27,0
DA:28,0
DA:31,0
DA:34,0
DA:36,0
DA:43,0
DA:45,0
DA:46,0
DA:48,0
DA:49,0
DA:51,0
DA:52,0
DA:54,0
DA:55,0
DA:57,0
DA:61,1
DA:62,0
DA:63,0
DA:64,0
DA:65,0
DA:67,0
DA:71,1
DA:72,0
DA:73,0
DA:74,0
DA:75,0
DA:76,0
DA:78,0
DA:82,1
DA:83,0
DA:84,0
DA:85,0
DA:86,0
DA:88,0
DA:92,1
DA:93,0
DA:94,0
DA:95,0
DA:96,0
DA:98,0
DA:102,1
DA:103,0
DA:104,0
DA:105,0
DA:106,0
DA:107,0
DA:109,0
DA:113,1
DA:114,0
DA:115,0
DA:116,0
DA:117,0
DA:118,0
DA:119,0
DA:120,0
DA:122,0
DA:126,1
DA:127,0
DA:128,0
DA:129,0
DA:130,0
DA:131,0
DA:133,0
LF:75
LH:9
BRDA:27,0,0,0
BRDA:27,0,1,0
BRDA:48,1,0,0
BRDA:48,1,1,0
BRDA:51,2,0,0
BRDA:51,2,1,0
BRDA:54,3,0,0
BRDA:54,3,1,0
BRDA:106,4,0,0
BRDA:106,4,1,0
BRDA:119,5,0,0
BRDA:119,5,1,0
BRDA:130,6,0,0
BRDA:130,6,1,0
BRF:14
BRH:0
end_of_record
TN:
SF:modules\orders\orders.model.js
FN:139,(anonymous_0)
FNF:1
FNH:0
FNDA:0,(anonymous_0)
DA:1,1
DA:3,1
DA:18,1
DA:30,1
DA:50,1
DA:139,1
DA:140,0
DA:141,0
DA:142,0
DA:146,0
DA:147,0
DA:148,0
DA:149,0
DA:153,0
DA:154,0
DA:158,1
DA:159,1
DA:160,1
DA:162,1
LF:19
LH:10
BRDA:140,0,0,0
BRDA:140,0,1,0
BRDA:140,1,0,0
BRDA:140,1,1,0
BRDA:146,2,0,0
BRDA:146,2,1,0
BRDA:147,3,0,0
BRDA:147,3,1,0
BRDA:147,4,0,0
BRDA:147,4,1,0
BRF:10
BRH:0
end_of_record
TN:
SF:modules\orders\orders.routes.js
FNF:0
FNH:0
DA:1,1
DA:2,1
DA:3,1
DA:4,1
DA:7,1
DA:9,1
DA:10,1
DA:11,1
DA:12,1
DA:13,1
DA:14,1
DA:15,1
DA:16,1
DA:19,1
DA:21,1
LF:15
LH:15
BRF:0
BRH:0
end_of_record
TN:
SF:modules\orders\orders.service.js
FN:12,(anonymous_0)
FN:13,(anonymous_1)
FN:14,(anonymous_2)
FN:15,(anonymous_3)
FN:18,(anonymous_4)
FN:47,(anonymous_5)
FN:115,(anonymous_6)
FN:159,(anonymous_7)
FN:163,(anonymous_8)
FN:172,(anonymous_9)
FN:178,(anonymous_10)
FN:182,(anonymous_11)
FN:189,(anonymous_12)
FN:195,(anonymous_13)
FN:199,(anonymous_14)
FN:208,(anonymous_15)
FN:214,(anonymous_16)
FN:218,(anonymous_17)
FN:224,(anonymous_18)
FN:230,(anonymous_19)
FN:244,(anonymous_20)
FN:247,(anonymous_21)
FN:263,(anonymous_22)
FN:271,(anonymous_23)
FN:284,(anonymous_24)
FN:350,(anonymous_25)
FN:413,(anonymous_26)
FN:425,(anonymous_27)
FN:502,(anonymous_28)
FN:522,(anonymous_29)
FN:535,(anonymous_30)
FN:548,(anonymous_31)
FN:561,(anonymous_32)
FN:577,(anonymous_33)
FN:593,(anonymous_34)
FN:614,(anonymous_35)
FNF:36
FNH:0
FNDA:0,(anonymous_0)
FNDA:0,(anonymous_1)
FNDA:0,(anonymous_2)
FNDA:0,(anonymous_3)
FNDA:0,(anonymous_4)
FNDA:0,(anonymous_5)
FNDA:0,(anonymous_6)
FNDA:0,(anonymous_7)
FNDA:0,(anonymous_8)
FNDA:0,(anonymous_9)
FNDA:0,(anonymous_10)
FNDA:0,(anonymous_11)
FNDA:0,(anonymous_12)
FNDA:0,(anonymous_13)
FNDA:0,(anonymous_14)
FNDA:0,(anonymous_15)
FNDA:0,(anonymous_16)
FNDA:0,(anonymous_17)
FNDA:0,(anonymous_18)
FNDA:0,(anonymous_19)
FNDA:0,(anonymous_20)
FNDA:0,(anonymous_21)
FNDA:0,(anonymous_22)
FNDA:0,(anonymous_23)
FNDA:0,(anonymous_24)
FNDA:0,(anonymous_25)
FNDA:0,(anonymous_26)
FNDA:0,(anonymous_27)
FNDA:0,(anonymous_28)
FNDA:0,(anonymous_29)
FNDA:0,(anonymous_30)
FNDA:0,(anonymous_31)
FNDA:0,(anonymous_32)
FNDA:0,(anonymous_33)
FNDA:0,(anonymous_34)
FNDA:0,(anonymous_35)
DA:1,1
DA:5,1
DA:6,1
DA:7,1
DA:8,1
DA:9,1
DA:10,1
DA:12,1
DA:13,1
DA:14,1
DA:15,1
DA:18,1
DA:19,0
DA:20,0
DA:23,0
DA:24,0
DA:25,0
DA:28,0
DA:29,0
DA:30,0
DA:33,0
DA:35,0
DA:36,0
DA:37,0
DA:41,0
DA:43,0
DA:46,0
DA:47,0
DA:50,0
DA:51,0
DA:53,0
DA:54,0
DA:55,0
DA:58,0
DA:76,0
DA:77,0
DA:81,0
DA:82,0
DA:85,0
DA:86,0
DA:89,0
DA:90,0
DA:92,0
DA:97,0
DA:100,0
DA:101,0
DA:102,0
DA:103,0
DA:105,0
DA:106,0
DA:108,0
DA:109,0
DA:115,1
DA:116,0
DA:117,0
DA:118,0
DA:121,0
DA:124,0
DA:125,0
DA:126,0
DA:127,0
DA:128,0
DA:129,0
DA:133,0
DA:134,0
DA:135,0
DA:136,0
DA:142,0
DA:143,0
DA:146,0
DA:148,0
DA:152,0
DA:154,0
DA:155,0
DA:159,1
DA:160,0
DA:162,0
DA:163,0
DA:164,0
DA:167,0
DA:171,0
DA:172,0
DA:174,0
DA:178,1
DA:179,0
DA:181,0
DA:182,0
DA:183,0
DA:186,0
DA:188,0
DA:189,0
DA:191,0
DA:195,1
DA:196,0
DA:198,0
DA:199,0
DA:200,0
DA:203,0
DA:207,0
DA:208,0
DA:210,0
DA:214,1
DA:215,0
DA:217,0
DA:218,0
DA:219,0
DA:222,0
DA:223,0
DA:224,0
DA:226,0
DA:230,1
DA:231,0
DA:237,0
DA:239,0
DA:241,0
DA:242,0
DA:243,0
DA:247,0
DA:251,0
DA:254,1
DA:263,1
DA:264,0
DA:265,0
DA:266,0
DA:267,0
DA:268,0
DA:271,0
DA:272,0
DA:273,0
DA:274,0
DA:275,0
DA:278,0
DA:280,0
DA:284,1
DA:285,0
DA:286,0
DA:287,0
DA:288,0
DA:292,0
DA:293,0
DA:294,0
DA:297,0
DA:299,0
DA:300,0
DA:302,0
DA:303,0
DA:306,0
DA:307,0
DA:309,0
DA:312,0
DA:316,0
DA:317,0
DA:318,0
DA:321,0
DA:323,0
DA:325,0
DA:328,0
DA:335,0
DA:336,0
DA:337,0
DA:340,0
DA:342,0
DA:350,1
DA:355,0
DA:356,0
DA:359,0
DA:360,0
DA:361,0
DA:366,0
DA:367,0
DA:368,0
DA:369,0
DA:371,0
DA:373,0
DA:375,0
DA:376,0
DA:377,0
DA:379,0
DA:382,0
DA:383,0
DA:384,0
DA:385,0
DA:387,0
DA:392,0
DA:393,0
DA:394,0
DA:396,0
DA:397,0
DA:400,0
DA:401,0
DA:404,0
DA:406,0
DA:407,0
DA:408,0
DA:409,0
DA:414,0
DA:419,0
DA:422,0
DA:425,1
DA:431,0
DA:432,0
DA:433,0
DA:434,0
DA:435,0
DA:437,0
DA:438,0
DA:441,0
DA:443,0
DA:444,0
DA:447,0
DA:454,0
DA:455,0
DA:457,0
DA:458,0
DA:461,0
DA:467,0
DA:468,0
DA:470,0
DA:473,0
DA:474,0
DA:475,0
DA:476,0
DA:483,0
DA:487,0
DA:488,0
DA:496,0
DA:499,0
DA:502,1
DA:503,0
DA:505,0
DA:507,0
DA:508,0
DA:512,0
DA:514,0
DA:516,0
DA:517,0
DA:522,1
DA:523,0
DA:525,0
DA:526,0
DA:527,0
DA:529,0
DA:530,0
DA:535,1
DA:536,0
DA:538,0
DA:539,0
DA:540,0
DA:542,0
DA:543,0
DA:548,1
DA:549,0
DA:551,0
DA:552,0
DA:553,0
DA:555,0
DA:556,0
DA:561,1
DA:562,0
DA:564,0
DA:565,0
DA:566,0
DA:567,0
DA:569,0
DA:571,0
DA:572,0
DA:577,1
DA:578,0
DA:580,0
DA:581,0
DA:582,0
DA:583,0
DA:585,0
DA:587,0
DA:588,0
DA:593,1
DA:594,0
DA:595,0
DA:597,0
DA:598,0
DA:603,0
DA:604,0
DA:606,0
DA:608,0
DA:609,0
DA:614,1
DA:615,0
DA:616,0
DA:617,0
DA:619,0
DA:620,0
DA:626,0
DA:628,0
DA:629,0
LF:294
LH:31
BRDA:24,0,0,0
BRDA:24,0,1,0
BRDA:28,1,0,0
BRDA:28,1,1,0
BRDA:51,2,0,0
BRDA:51,2,1,0
BRDA:53,3,0,0
BRDA:53,3,1,0
BRDA:81,4,0,0
BRDA:81,4,1,0
BRDA:85,5,0,0
BRDA:85,5,1,0
BRDA:89,6,0,0
BRDA:89,6,1,0
BRDA:100,7,0,0
BRDA:100,7,1,0
BRDA:124,8,0,0
BRDA:124,8,1,0
BRDA:128,9,0,0
BRDA:128,9,1,0
BRDA:133,10,0,0
BRDA:133,10,1,0
BRDA:135,11,0,0
BRDA:135,11,1,0
BRDA:162,12,0,0
BRDA:162,12,1,0
BRDA:164,13,0,0
BRDA:164,13,1,0
BRDA:171,14,0,0
BRDA:171,14,1,0
BRDA:171,15,0,0
BRDA:171,15,1,0
BRDA:181,16,0,0
BRDA:181,16,1,0
BRDA:183,17,0,0
BRDA:183,17,1,0
BRDA:188,18,0,0
BRDA:188,18,1,0
BRDA:188,19,0,0
BRDA:188,19,1,0
BRDA:198,20,0,0
BRDA:198,20,1,0
BRDA:200,21,0,0
BRDA:200,21,1,0
BRDA:207,22,0,0
BRDA:207,22,1,0
BRDA:207,23,0,0
BRDA:207,23,1,0
BRDA:217,24,0,0
BRDA:217,24,1,0
BRDA:219,25,0,0
BRDA:219,25,1,0
BRDA:223,26,0,0
BRDA:223,26,1,0
BRDA:223,27,0,0
BRDA:223,27,1,0
BRDA:237,28,0,0
BRDA:237,28,1,0
BRDA:241,29,0,0
BRDA:241,29,1,0
BRDA:264,30,0,0
BRDA:264,30,1,0
BRDA:274,31,0,0
BRDA:274,31,1,0
BRDA:286,32,0,0
BRDA:286,32,1,0
BRDA:292,33,0,0
BRDA:292,33,1,0
BRDA:293,34,0,0
BRDA:293,34,1,0
BRDA:300,35,0,0
BRDA:300,35,1,0
BRDA:335,36,0,0
BRDA:335,36,1,0
BRDA:353,37,0,0
BRDA:356,38,0,0
BRDA:356,38,1,0
BRDA:359,39,0,0
BRDA:359,39,1,0
BRDA:360,40,0,0
BRDA:360,40,1,0
BRDA:368,41,0,0
BRDA:368,41,1,0
BRDA:368,42,0,0
BRDA:368,42,1,0
BRDA:371,43,0,0
BRDA:371,43,1,0
BRDA:373,44,0,0
BRDA:373,44,1,0
BRDA:383,45,0,0
BRDA:383,45,1,0
BRDA:384,46,0,0
BRDA:384,46,1,0
BRDA:392,47,0,0
BRDA:392,47,1,0
BRDA:392,48,0,0
BRDA:392,48,1,0
BRDA:400,49,0,0
BRDA:400,49,1,0
BRDA:407,50,0,0
BRDA:407,50,1,0
BRDA:414,51,0,0
BRDA:414,51,1,0
BRDA:437,52,0,0
BRDA:437,52,1,0
BRDA:437,53,0,0
BRDA:437,53,1,0
BRDA:437,53,2,0
BRDA:443,54,0,0
BRDA:443,54,1,0
BRDA:457,55,0,0
BRDA:457,55,1,0
BRDA:457,56,0,0
BRDA:457,56,1,0
BRDA:474,57,0,0
BRDA:474,57,1,0
BRDA:507,58,0,0
BRDA:507,58,1,0
BRDA:507,59,0,0
BRDA:507,59,1,0
BRDA:507,59,2,0
BRDA:566,60,0,0
BRDA:566,60,1,0
BRDA:582,61,0,0
BRDA:582,61,1,0
BRDA:603,62,0,0
BRDA:603,62,1,0
BRF:127
BRH:0
end_of_record
TN:
SF:modules\products\products.controller.js
FN:24,(anonymous_0)
FN:37,(anonymous_1)
FN:51,(anonymous_2)
FN:60,(anonymous_3)
FN:75,(anonymous_4)
FN:93,(anonymous_5)
FN:110,(anonymous_6)
FN:129,(anonymous_7)
FN:144,(anonymous_8)
FN:155,(anonymous_9)
FN:170,(anonymous_10)
FN:194,(anonymous_11)
FN:209,(anonymous_12)
FN:230,(anonymous_13)
FN:243,(anonymous_14)
FN:280,(anonymous_15)
FNF:16
FNH:2
FNDA:0,(anonymous_0)
FNDA:0,(anonymous_1)
FNDA:0,(anonymous_2)
FNDA:0,(anonymous_3)
FNDA:0,(anonymous_4)
FNDA:0,(anonymous_5)
FNDA:0,(anonymous_6)
FNDA:0,(anonymous_7)
FNDA:1,(anonymous_8)
FNDA:0,(anonymous_9)
FNDA:0,(anonymous_10)
FNDA:3,(anonymous_11)
FNDA:0,(anonymous_12)
FNDA:0,(anonymous_13)
FNDA:0,(anonymous_14)
FNDA:0,(anonymous_15)
DA:19,2
DA:20,2
DA:22,2
DA:25,0
DA:26,0
DA:27,0
DA:31,0
DA:33,0
DA:38,0
DA:39,0
DA:40,0
DA:42,0
DA:44,0
DA:46,0
DA:52,0
DA:53,0
DA:54,0
DA:56,0
DA:61,0
DA:62,0
DA:63,0
DA:64,0
DA:66,0
DA:68,0
DA:70,0
DA:76,0
DA:78,0
DA:80,0
DA:81,0
DA:84,0
DA:86,0
DA:88,0
DA:94,0
DA:95,0
DA:96,0
DA:97,0
DA:99,0
DA:104,0
DA:106,0
DA:111,0
DA:112,0
DA:113,0
DA:114,0
DA:115,0
DA:117,0
DA:123,0
DA:125,0
DA:130,0
DA:131,0
DA:133,0
DA:134,0
DA:137,0
DA:138,0
DA:140,0
DA:145,1
DA:146,1
DA:147,1
DA:148,0
DA:149,0
DA:151,1
DA:156,0
DA:157,0
DA:158,0
DA:160,0
DA:161,0
DA:164,0
DA:166,0
DA:171,0
DA:172,0
DA:174,0
DA:175,0
DA:181,0
DA:182,0
DA:185,0
DA:190,0
DA:195,3
DA:196,3
DA:197,3
DA:199,0
DA:200,0
DA:203,0
DA:205,3
DA:210,0
DA:212,0
DA:213,0
DA:215,0
DA:216,0
DA:221,0
DA:226,0
DA:231,0
DA:232,0
DA:233,0
DA:234,0
DA:239,0
DA:244,0
DA:245,0
DA:246,0
DA:247,0
DA:249,0
DA:250,0
DA:252,0
DA:253,0
DA:255,0
DA:260,0
DA:265,0
DA:266,0
DA:267,0
DA:270,0
DA:275,0
DA:276,0
DA:281,0
DA:282,0
DA:283,0
DA:285,0
DA:286,0
DA:288,0
DA:289,0
DA:292,0
DA:293,0
DA:295,0
DA:296,0
DA:297,0
DA:300,0
DA:305,0
LF:124
LH:11
BRDA:39,0,0,0
BRDA:39,0,1,0
BRDA:40,1,0,0
BRDA:40,1,1,0
BRDA:62,2,0,0
BRDA:62,2,1,0
BRDA:63,3,0,0
BRDA:63,3,1,0
BRDA:80,4,0,0
BRDA:80,4,1,0
BRDA:96,5,0,0
BRDA:96,5,1,0
BRDA:97,6,0,0
BRDA:97,6,1,0
BRDA:113,7,0,0
BRDA:113,7,1,0
BRDA:114,8,0,0
BRDA:114,8,1,0
BRDA:115,9,0,0
BRDA:115,9,1,0
BRDA:133,10,0,0
BRDA:133,10,1,0
BRDA:133,11,0,0
BRDA:133,11,1,0
BRDA:148,12,0,0
BRDA:148,12,1,0
BRDA:160,13,0,0
BRDA:160,13,1,0
BRDA:181,14,0,0
BRDA:181,14,1,0
BRDA:199,15,0,0
BRDA:199,15,1,0
BRDA:215,16,0,0
BRDA:215,16,1,0
BRDA:246,17,0,0
BRDA:246,17,1,0
BRDA:247,18,0,0
BRDA:247,18,1,0
BRDA:249,19,0,0
BRDA:249,19,1,0
BRDA:252,20,0,0
BRDA:252,20,1,0
BRDA:252,21,0,0
BRDA:252,21,1,0
BRDA:255,22,0,0
BRDA:255,22,1,0
BRDA:256,23,0,0
BRDA:256,23,1,0
BRDA:256,23,2,0
BRDA:266,24,0,0
BRDA:266,24,1,0
BRDA:285,25,0,0
BRDA:285,25,1,0
BRDA:288,26,0,0
BRDA:288,26,1,0
BRDA:288,27,0,0
BRDA:288,27,1,0
BRDA:288,27,2,0
BRDA:292,28,0,0
BRDA:292,28,1,0
BRDA:292,29,0,0
BRDA:292,29,1,0
BRDA:296,30,0,0
BRDA:296,30,1,0
BRF:64
BRH:0
end_of_record
TN:
SF:modules\products\products.model.js
FN:26,(anonymous_0)
FN:86,(anonymous_1)
FN:90,(anonymous_2)
FN:126,(anonymous_3)
FN:129,(anonymous_4)
FN:158,(anonymous_5)
FN:175,(anonymous_6)
FN:190,(anonymous_7)
FN:206,(anonymous_8)
FNF:9
FNH:4
FNDA:7,(anonymous_0)
FNDA:7,(anonymous_1)
FNDA:8,(anonymous_2)
FNDA:8,(anonymous_3)
FNDA:0,(anonymous_4)
FNDA:0,(anonymous_5)
FNDA:0,(anonymous_6)
FNDA:0,(anonymous_7)
FNDA:0,(anonymous_8)
DA:1,5
DA:2,5
DA:4,5
DA:16,5
DA:26,7
DA:32,5
DA:46,5
DA:86,7
DA:90,5
DA:91,8
DA:93,8
DA:94,0
DA:102,8
DA:103,0
DA:111,8
DA:112,0
DA:119,8
DA:121,0
DA:126,5
DA:127,8
DA:128,8
DA:129,8
DA:130,0
DA:131,0
DA:139,8
DA:141,0
DA:146,5
DA:147,5
DA:148,5
DA:149,5
DA:150,5
DA:153,5
DA:155,5
DA:158,5
DA:160,0
DA:161,0
DA:163,0
DA:164,0
DA:165,0
DA:167,0
DA:168,0
DA:170,0
DA:175,5
DA:176,0
DA:177,0
DA:179,0
DA:180,0
DA:181,0
DA:183,0
DA:184,0
DA:186,0
DA:190,5
DA:192,0
DA:193,0
DA:195,0
DA:196,0
DA:197,0
DA:199,0
DA:200,0
DA:202,0
DA:206,5
DA:207,0
DA:208,0
DA:210,0
DA:211,0
DA:212,0
DA:214,0
DA:215,0
DA:217,0
DA:222,5
DA:223,5
DA:224,5
DA:225,5
DA:227,5
LF:74
LH:35
BRDA:93,0,0,0
BRDA:93,0,1,8
BRDA:93,1,0,8
BRDA:93,1,1,0
BRDA:102,2,0,0
BRDA:102,2,1,8
BRDA:102,3,0,8
BRDA:102,3,1,0
BRDA:111,4,0,0
BRDA:111,4,1,8
BRDA:111,5,0,8
BRDA:111,5,1,0
BRDA:128,6,0,8
BRDA:128,6,1,0
BRDA:128,7,0,8
BRDA:128,7,1,8
BRDA:130,8,0,0
BRDA:130,8,1,0
BRDA:130,9,0,0
BRDA:130,9,1,0
BRDA:160,10,0,0
BRDA:160,10,1,0
BRDA:160,11,0,0
BRDA:160,11,1,0
BRDA:164,12,0,0
BRDA:164,12,1,0
BRDA:164,13,0,0
BRDA:164,13,1,0
BRDA:167,14,0,0
BRDA:167,14,1,0
BRDA:167,15,0,0
BRDA:167,15,1,0
BRDA:176,16,0,0
BRDA:176,16,1,0
BRDA:176,17,0,0
BRDA:176,17,1,0
BRDA:180,18,0,0
BRDA:180,18,1,0
BRDA:180,19,0,0
BRDA:180,19,1,0
BRDA:183,20,0,0
BRDA:183,20,1,0
BRDA:183,21,0,0
BRDA:183,21,1,0
BRDA:192,22,0,0
BRDA:192,22,1,0
BRDA:192,23,0,0
BRDA:192,23,1,0
BRDA:196,24,0,0
BRDA:196,24,1,0
BRDA:196,25,0,0
BRDA:196,25,1,0
BRDA:199,26,0,0
BRDA:199,26,1,0
BRDA:199,27,0,0
BRDA:199,27,1,0
BRDA:207,28,0,0
BRDA:207,28,1,0
BRDA:207,29,0,0
BRDA:207,29,1,0
BRDA:211,30,0,0
BRDA:211,30,1,0
BRDA:211,31,0,0
BRDA:211,31,1,0
BRDA:214,32,0,0
BRDA:214,32,1,0
BRDA:214,33,0,0
BRDA:214,33,1,0
BRF:68
BRH:9
end_of_record
TN:
SF:modules\products\products.routes.js
FNF:0
FNH:0
DA:1,1
DA:2,1
DA:3,1
DA:4,1
DA:5,1
DA:6,1
DA:17,1
DA:20,1
DA:28,1
DA:37,1
DA:45,1
DA:54,1
DA:63,1
DA:72,1
DA:81,1
DA:90,1
DA:98,1
DA:104,1
DA:110,1
DA:116,1
DA:122,1
DA:129,1
DA:135,1
DA:143,1
LF:24
LH:24
BRF:0
BRH:0
end_of_record
TN:
SF:modules\products\products.service.js
FN:37,invalidateAllProductCaches
FN:62,getPaginatedProducts
FN:93,createProductService
FN:120,getProductsByCategoryService
FN:164,getProductByMunicipality
FN:223,getRelatedProducts
FN:254,searchProductsService
FN:308,getProductByVendor
FN:346,getVendorOwnProducts
FN:353,(anonymous_9)
FN:369,getProductByIdService
FN:415,updateProductService
FN:452,updateProductOptionService
FN:488,addProductStock
FN:539,addProductStockMain
FN:567,deleteProductService
FN:592,(anonymous_16)
FN:595,(anonymous_17)
FN:602,(anonymous_18)
FN:645,removeVariantData
FN:664,(anonymous_20)
FN:681,(anonymous_21)
FN:683,(anonymous_22)
FN:683,(anonymous_23)
FN:704,(anonymous_24)
FN:705,(anonymous_25)
FN:717,reassignMainImageIfNeeded
FN:723,(anonymous_27)
FN:732,cleanupVariantImages
FN:740,(anonymous_29)
FN:747,removeVariant
FN:796,getProductOrThrow
FN:806,addSingleOption
FN:840,(anonymous_33)
FNF:34
FNH:18
FNDA:6,invalidateAllProductCaches
FNDA:0,getPaginatedProducts
FNDA:0,createProductService
FNDA:0,getProductsByCategoryService
FNDA:0,getProductByMunicipality
FNDA:0,getRelatedProducts
FNDA:3,searchProductsService
FNDA:0,getProductByVendor
FNDA:0,getVendorOwnProducts
FNDA:0,(anonymous_9)
FNDA:1,getProductByIdService
FNDA:0,updateProductService
FNDA:0,updateProductOptionService
FNDA:6,addProductStock
FNDA:0,addProductStockMain
FNDA:3,deleteProductService
FNDA:0,(anonymous_16)
FNDA:0,(anonymous_17)
FNDA:0,(anonymous_18)
FNDA:4,removeVariantData
FNDA:3,(anonymous_20)
FNDA:2,(anonymous_21)
FNDA:3,(anonymous_22)
FNDA:3,(anonymous_23)
FNDA:1,(anonymous_24)
FNDA:1,(anonymous_25)
FNDA:1,reassignMainImageIfNeeded
FNDA:0,(anonymous_27)
FNDA:3,cleanupVariantImages
FNDA:1,(anonymous_29)
FNDA:4,removeVariant
FNDA:0,getProductOrThrow
FNDA:4,addSingleOption
FNDA:1,(anonymous_33)
DA:2,4
DA:3,4
DA:5,4
DA:7,0
DA:8,0
DA:9,0
DA:11,4
DA:12,4
DA:13,4
DA:15,4
DA:19,4
DA:20,4
DA:30,4
DA:32,4
DA:33,4
DA:34,4
DA:35,4
DA:39,6
DA:40,6
DA:41,6
DA:42,6
DA:44,6
DA:45,6
DA:46,6
DA:48,6
DA:49,6
DA:51,0
DA:56,4
DA:63,0
DA:64,0
DA:66,0
DA:67,0
DA:69,0
DA:70,0
DA:71,0
DA:74,0
DA:84,0
DA:85,0
DA:86,0
DA:90,0
DA:94,0
DA:96,0
DA:97,0
DA:99,0
DA:100,0
DA:103,0
DA:105,0
DA:107,0
DA:109,0
DA:111,0
DA:113,0
DA:114,0
DA:116,0
DA:121,0
DA:123,0
DA:125,0
DA:126,0
DA:128,0
DA:129,0
DA:132,0
DA:133,0
DA:135,0
DA:136,0
DA:137,0
DA:138,0
DA:142,0
DA:147,0
DA:148,0
DA:150,0
DA:156,0
DA:157,0
DA:160,0
DA:165,0
DA:166,0
DA:168,0
DA:169,0
DA:170,0
DA:172,0
DA:173,0
DA:175,0
DA:176,0
DA:177,0
DA:179,0
DA:180,0
DA:181,0
DA:182,0
DA:185,0
DA:190,0
DA:192,0
DA:193,0
DA:196,0
DA:197,0
DA:200,0
DA:202,0
DA:208,0
DA:215,0
DA:216,0
DA:219,0
DA:224,0
DA:226,0
DA:227,0
DA:230,0
DA:231,0
DA:233,0
DA:237,0
DA:240,0
DA:251,0
DA:255,3
DA:257,3
DA:258,1
DA:260,2
DA:261,1
DA:264,1
DA:265,1
DA:266,1
DA:270,1
DA:271,1
DA:272,0
DA:273,0
DA:276,1
DA:282,1
DA:283,1
DA:284,1
DA:291,0
DA:292,0
DA:294,0
DA:301,1
DA:302,0
DA:305,1
DA:309,0
DA:311,0
DA:312,0
DA:315,0
DA:316,0
DA:318,0
DA:319,0
DA:320,0
DA:321,0
DA:325,0
DA:336,0
DA:338,0
DA:339,0
DA:342,0
DA:347,0
DA:349,0
DA:351,0
DA:352,0
DA:353,0
DA:357,0
DA:362,0
DA:363,0
DA:366,0
DA:370,1
DA:372,1
DA:373,1
DA:376,0
DA:377,0
DA:379,0
DA:381,0
DA:382,0
DA:383,0
DA:386,0
DA:387,0
DA:388,0
DA:391,0
DA:394,0
DA:396,0
DA:397,0
DA:401,0
DA:408,0
DA:409,0
DA:412,0
DA:416,0
DA:417,0
DA:419,0
DA:420,0
DA:423,0
DA:424,0
DA:426,0
DA:431,0
DA:432,0
DA:436,0
DA:438,0
DA:440,0
DA:444,0
DA:447,0
DA:449,0
DA:453,0
DA:454,0
DA:455,0
DA:457,0
DA:458,0
DA:460,0
DA:461,0
DA:465,0
DA:466,0
DA:467,0
DA:468,0
DA:469,0
DA:471,0
DA:474,0
DA:480,0
DA:481,0
DA:484,0
DA:485,0
DA:489,6
DA:490,6
DA:491,6
DA:493,6
DA:494,1
DA:496,5
DA:497,0
DA:500,5
DA:501,1
DA:505,4
DA:507,2
DA:513,2
DA:515,2
DA:516,1
DA:519,1
DA:520,1
DA:525,2
DA:531,2
DA:532,1
DA:535,1
DA:536,1
DA:540,0
DA:541,0
DA:543,0
DA:544,0
DA:547,0
DA:548,0
DA:549,0
DA:553,0
DA:559,0
DA:560,0
DA:563,0
DA:564,0
DA:568,3
DA:570,3
DA:571,0
DA:574,3
DA:576,3
DA:579,3
DA:580,3
DA:582,3
DA:584,3
DA:585,0
DA:586,0
DA:590,0
DA:591,0
DA:592,0
DA:594,0
DA:596,0
DA:597,0
DA:598,0
DA:600,0
DA:602,0
DA:604,0
DA:607,0
DA:608,0
DA:609,0
DA:610,0
DA:612,0
DA:613,0
DA:614,0
DA:617,0
DA:621,0
DA:624,0
DA:626,0
DA:628,0
DA:630,0
DA:632,3
DA:633,3
DA:635,3
DA:646,4
DA:647,4
DA:649,4
DA:650,0
DA:652,4
DA:653,1
DA:657,3
DA:658,3
DA:659,0
DA:662,3
DA:664,3
DA:665,3
DA:666,0
DA:670,3
DA:671,2
DA:673,2
DA:675,0
DA:679,2
DA:680,2
DA:681,2
DA:683,3
DA:685,2
DA:689,1
DA:695,1
DA:697,0
DA:701,1
DA:704,1
DA:705,1
DA:706,1
DA:708,1
DA:710,1
DA:718,1
DA:720,1
DA:721,1
DA:723,0
DA:724,0
DA:725,0
DA:733,3
DA:734,3
DA:735,3
DA:736,3
DA:737,2
DA:739,1
DA:740,1
DA:748,4
DA:749,4
DA:751,4
DA:752,0
DA:755,4
DA:758,3
DA:760,2
DA:761,2
DA:762,2
DA:766,2
DA:768,2
DA:772,1
DA:773,1
DA:774,1
DA:775,1
DA:778,1
DA:779,1
DA:780,1
DA:784,1
DA:785,1
DA:786,1
DA:787,0
DA:791,1
DA:793,1
DA:797,0
DA:799,0
DA:800,0
DA:801,0
DA:803,0
DA:807,4
DA:808,4
DA:810,4
DA:811,2
DA:815,2
DA:816,2
DA:817,0
DA:820,2
DA:830,2
DA:831,1
DA:832,1
DA:833,1
DA:835,1
DA:836,1
DA:837,0
DA:840,1
DA:841,1
DA:844,1
DA:845,1
DA:849,0
DA:859,0
DA:861,1
DA:862,1
DA:864,1
DA:868,0
DA:871,0
DA:872,0
DA:873,0
DA:876,0
DA:877,0
DA:881,1
DA:891,1
DA:892,0
DA:895,1
DA:896,1
DA:897,0
DA:900,1
DA:901,1
DA:904,4
LF:387
LH:159
BRDA:5,0,0,4
BRDA:5,0,1,0
BRDA:37,1,0,0
BRDA:40,2,0,6
BRDA:40,2,1,0
BRDA:70,3,0,0
BRDA:70,3,1,0
BRDA:84,4,0,0
BRDA:84,4,1,0
BRDA:125,5,0,0
BRDA:125,5,1,0
BRDA:125,6,0,0
BRDA:125,6,1,0
BRDA:128,7,0,0
BRDA:128,7,1,0
BRDA:136,8,0,0
BRDA:136,8,1,0
BRDA:156,9,0,0
BRDA:156,9,1,0
BRDA:169,10,0,0
BRDA:169,10,1,0
BRDA:169,11,0,0
BRDA:169,11,1,0
BRDA:172,12,0,0
BRDA:172,12,1,0
BRDA:172,13,0,0
BRDA:172,13,1,0
BRDA:180,14,0,0
BRDA:180,14,1,0
BRDA:192,15,0,0
BRDA:192,15,1,0
BRDA:196,16,0,0
BRDA:196,16,1,0
BRDA:200,17,0,0
BRDA:200,17,1,0
BRDA:200,18,0,0
BRDA:200,18,1,0
BRDA:215,19,0,0
BRDA:215,19,1,0
BRDA:223,20,0,0
BRDA:226,21,0,0
BRDA:226,21,1,0
BRDA:231,22,0,0
BRDA:231,22,1,0
BRDA:233,23,0,0
BRDA:233,23,1,0
BRDA:237,24,0,0
BRDA:237,24,1,0
BRDA:254,25,0,2
BRDA:254,26,0,2
BRDA:257,27,0,1
BRDA:257,27,1,2
BRDA:257,28,0,3
BRDA:257,28,1,3
BRDA:260,29,0,1
BRDA:260,29,1,1
BRDA:271,30,0,0
BRDA:271,30,1,1
BRDA:287,31,0,1
BRDA:287,31,1,0
BRDA:297,32,0,0
BRDA:297,32,1,0
BRDA:301,33,0,0
BRDA:301,33,1,1
BRDA:301,34,0,1
BRDA:301,34,1,0
BRDA:308,35,0,0
BRDA:308,36,0,0
BRDA:311,37,0,0
BRDA:311,37,1,0
BRDA:319,38,0,0
BRDA:319,38,1,0
BRDA:338,39,0,0
BRDA:338,39,1,0
BRDA:352,40,0,0
BRDA:352,40,1,0
BRDA:362,41,0,0
BRDA:362,41,1,0
BRDA:372,42,0,1
BRDA:372,42,1,0
BRDA:379,43,0,0
BRDA:379,43,1,0
BRDA:387,44,0,0
BRDA:387,44,1,0
BRDA:403,45,0,0
BRDA:403,45,1,0
BRDA:404,46,0,0
BRDA:404,46,1,0
BRDA:408,47,0,0
BRDA:408,47,1,0
BRDA:419,48,0,0
BRDA:419,48,1,0
BRDA:431,49,0,0
BRDA:431,49,1,0
BRDA:438,50,0,0
BRDA:438,50,1,0
BRDA:457,51,0,0
BRDA:457,51,1,0
BRDA:460,52,0,0
BRDA:460,52,1,0
BRDA:468,53,0,0
BRDA:468,53,1,0
BRDA:480,54,0,0
BRDA:480,54,1,0
BRDA:490,55,0,2
BRDA:490,55,1,4
BRDA:493,56,0,1
BRDA:493,56,1,5
BRDA:496,57,0,0
BRDA:496,57,1,5
BRDA:496,58,0,5
BRDA:496,58,1,2
BRDA:500,59,0,1
BRDA:500,59,1,4
BRDA:500,60,0,5
BRDA:500,60,1,4
BRDA:505,61,0,2
BRDA:505,61,1,2
BRDA:515,62,0,1
BRDA:515,62,1,1
BRDA:531,63,0,1
BRDA:531,63,1,1
BRDA:543,64,0,0
BRDA:543,64,1,0
BRDA:548,65,0,0
BRDA:548,65,1,0
BRDA:548,66,0,0
BRDA:548,66,1,0
BRDA:559,67,0,0
BRDA:559,67,1,0
BRDA:570,68,0,0
BRDA:570,68,1,3
BRDA:585,69,0,0
BRDA:585,69,1,0
BRDA:591,70,0,0
BRDA:591,70,1,0
BRDA:591,71,0,0
BRDA:591,71,1,0
BRDA:592,72,0,0
BRDA:592,72,1,0
BRDA:592,73,0,0
BRDA:592,73,1,0
BRDA:592,74,0,0
BRDA:592,74,1,0
BRDA:597,75,0,0
BRDA:597,75,1,0
BRDA:607,76,0,0
BRDA:607,76,1,0
BRDA:612,77,0,0
BRDA:612,77,1,0
BRDA:617,78,0,0
BRDA:617,78,1,0
BRDA:649,79,0,0
BRDA:649,79,1,4
BRDA:652,80,0,1
BRDA:652,80,1,3
BRDA:658,81,0,0
BRDA:658,81,1,3
BRDA:662,82,0,3
BRDA:662,82,1,0
BRDA:665,83,0,0
BRDA:665,83,1,3
BRDA:670,84,0,2
BRDA:670,84,1,1
BRDA:670,85,0,3
BRDA:670,85,1,0
BRDA:673,86,0,0
BRDA:673,86,1,2
BRDA:680,87,0,2
BRDA:680,87,1,0
BRDA:680,88,0,2
BRDA:680,88,1,2
BRDA:681,89,0,2
BRDA:681,89,1,0
BRDA:681,90,0,2
BRDA:681,90,1,2
BRDA:681,91,0,2
BRDA:681,91,1,0
BRDA:695,92,0,0
BRDA:695,92,1,1
BRDA:701,93,0,1
BRDA:701,93,1,0
BRDA:704,94,0,1
BRDA:704,94,1,0
BRDA:704,95,0,1
BRDA:704,95,1,0
BRDA:705,96,0,1
BRDA:705,96,1,0
BRDA:705,97,0,1
BRDA:705,97,1,0
BRDA:706,98,0,1
BRDA:706,98,1,0
BRDA:718,99,0,0
BRDA:718,99,1,1
BRDA:718,100,0,1
BRDA:718,100,1,1
BRDA:720,101,0,1
BRDA:720,101,1,1
BRDA:721,102,0,1
BRDA:721,102,1,0
BRDA:733,103,0,0
BRDA:733,103,1,3
BRDA:733,104,0,3
BRDA:733,104,1,3
BRDA:751,105,0,0
BRDA:751,105,1,4
BRDA:751,106,0,4
BRDA:751,106,1,0
BRDA:758,107,0,2
BRDA:758,107,1,1
BRDA:760,108,0,2
BRDA:760,108,1,0
BRDA:760,109,0,2
BRDA:760,109,1,2
BRDA:773,110,0,1
BRDA:773,110,1,0
BRDA:775,111,0,1
BRDA:775,111,1,0
BRDA:778,112,0,1
BRDA:778,112,1,0
BRDA:786,113,0,0
BRDA:786,113,1,1
BRDA:800,114,0,0
BRDA:800,114,1,0
BRDA:810,115,0,2
BRDA:810,115,1,2
BRDA:816,116,0,0
BRDA:816,116,1,2
BRDA:821,117,0,2
BRDA:821,117,1,2
BRDA:823,118,0,2
BRDA:823,118,1,1
BRDA:825,119,0,2
BRDA:825,119,1,2
BRDA:826,120,0,2
BRDA:826,120,1,2
BRDA:830,121,0,1
BRDA:830,121,1,1
BRDA:836,122,0,0
BRDA:836,122,1,1
BRDA:840,123,0,1
BRDA:840,123,1,0
BRDA:841,124,0,1
BRDA:841,124,1,1
BRDA:844,125,0,1
BRDA:844,125,1,0
BRDA:853,126,0,0
BRDA:853,126,1,0
BRDA:853,127,0,0
BRDA:853,127,1,0
BRDA:872,128,0,0
BRDA:872,128,1,0
BRDA:885,129,0,1
BRDA:885,129,1,1
BRDA:885,130,0,1
BRDA:885,130,1,1
BRDA:891,131,0,0
BRDA:891,131,1,1
BRDA:896,132,0,0
BRDA:896,132,1,1
BRF:260
BRH:101
end_of_record
TN:
SF:modules\products\product-promotions\promotion.routes.js
FN:20,validateObjectId
FN:30,(anonymous_1)
FN:71,(anonymous_2)
FN:117,(anonymous_3)
FN:148,(anonymous_4)
FN:181,(anonymous_5)
FN:206,(anonymous_6)
FN:219,(anonymous_7)
FNF:8
FNH:0
FNDA:0,validateObjectId
FNDA:0,(anonymous_1)
FNDA:0,(anonymous_2)
FNDA:0,(anonymous_3)
FNDA:0,(anonymous_4)
FNDA:0,(anonymous_5)
FNDA:0,(anonymous_6)
FNDA:0,(anonymous_7)
DA:1,1
DA:2,1
DA:3,1
DA:4,1
DA:5,1
DA:6,1
DA:7,1
DA:15,1
DA:21,0
DA:22,0
DA:30,1
DA:31,0
DA:32,0
DA:33,0
DA:36,0
DA:39,0
DA:40,0
DA:43,0
DA:44,0
DA:47,0
DA:49,0
DA:51,0
DA:52,0
DA:55,0
DA:57,0
DA:62,0
DA:63,0
DA:71,1
DA:72,0
DA:73,0
DA:74,0
DA:76,0
DA:77,0
DA:80,0
DA:81,0
DA:84,0
DA:85,0
DA:88,0
DA:89,0
DA:92,0
DA:94,0
DA:96,0
DA:97,0
DA:98,0
DA:101,0
DA:103,0
DA:108,0
DA:109,0
DA:117,1
DA:118,0
DA:119,0
DA:122,0
DA:124,0
DA:126,0
DA:128,0
DA:129,0
DA:132,0
DA:134,0
DA:139,0
DA:140,0
DA:148,1
DA:149,0
DA:150,0
DA:153,0
DA:154,0
DA:156,0
DA:158,0
DA:160,0
DA:161,0
DA:162,0
DA:165,0
DA:167,0
DA:172,0
DA:173,0
DA:181,1
DA:182,0
DA:183,0
DA:185,0
DA:187,0
DA:189,0
DA:191,0
DA:196,0
DA:197,0
DA:206,1
DA:207,0
DA:208,0
DA:209,0
DA:211,0
DA:212,0
DA:214,0
DA:215,0
DA:219,1
DA:220,0
DA:221,0
DA:222,0
DA:223,0
DA:225,0
DA:226,0
DA:228,0
DA:229,0
DA:233,1
LF:101
LH:16
BRDA:21,0,0,0
BRDA:21,0,1,0
BRDA:39,1,0,0
BRDA:39,1,1,0
BRDA:43,2,0,0
BRDA:43,2,1,0
BRDA:43,3,0,0
BRDA:43,3,1,0
BRDA:51,4,0,0
BRDA:51,4,1,0
BRDA:84,5,0,0
BRDA:84,5,1,0
BRDA:88,6,0,0
BRDA:88,6,1,0
BRDA:88,7,0,0
BRDA:88,7,1,0
BRDA:96,8,0,0
BRDA:96,8,1,0
BRDA:128,9,0,0
BRDA:128,9,1,0
BRDA:160,10,0,0
BRDA:160,10,1,0
BRF:22
BRH:0
end_of_record
TN:
SF:modules\products\product-promotions\promotion.service.js
FN:12,calculateDiscountedPrice
FN:33,isPromotionValid
FN:57,calculateSavings
FN:73,applyPromotionToProduct
FN:121,applyPromotionToOption
FN:167,removePromotionFromProduct
FN:202,removePromotionFromOption
FN:235,deactivateExpiredPromotions
FN:306,getActivePromotionsByVendor
FN:329,(anonymous_9)
FN:348,(anonymous_10)
FN:377,getPromotionStatus
FN:405,(anonymous_12)
FN:420,(anonymous_13)
FN:443,getPromotionStatusString
FNF:15
FNH:0
FNDA:0,calculateDiscountedPrice
FNDA:0,isPromotionValid
FNDA:0,calculateSavings
FNDA:0,applyPromotionToProduct
FNDA:0,applyPromotionToOption
FNDA:0,removePromotionFromProduct
FNDA:0,removePromotionFromOption
FNDA:0,deactivateExpiredPromotions
FNDA:0,getActivePromotionsByVendor
FNDA:0,(anonymous_9)
FNDA:0,(anonymous_10)
FNDA:0,getPromotionStatus
FNDA:0,(anonymous_12)
FNDA:0,(anonymous_13)
FNDA:0,getPromotionStatusString
DA:1,1
DA:2,1
DA:3,1
DA:4,1
DA:13,0
DA:16,0
DA:18,0
DA:19,0
DA:20,0
DA:21,0
DA:22,0
DA:25,0
DA:34,0
DA:36,0
DA:39,0
DA:40,0
DA:44,0
DA:45,0
DA:48,0
DA:58,0
DA:59,0
DA:61,0
DA:74,0
DA:77,0
DA:78,0
DA:81,0
DA:82,0
DA:85,0
DA:86,0
DA:89,0
DA:105,0
DA:106,0
DA:107,0
DA:108,0
DA:111,0
DA:122,0
DA:125,0
DA:126,0
DA:129,0
DA:130,0
DA:133,0
DA:134,0
DA:137,0
DA:153,0
DA:154,0
DA:155,0
DA:156,0
DA:159,0
DA:168,0
DA:184,0
DA:185,0
DA:186,0
DA:187,0
DA:191,0
DA:193,0
DA:203,0
DA:219,0
DA:220,0
DA:221,0
DA:222,0
DA:226,0
DA:228,0
DA:236,0
DA:239,0
DA:252,0
DA:257,0
DA:258,0
DA:259,0
DA:261,0
DA:262,0
DA:263,0
DA:264,0
DA:265,0
DA:269,0
DA:270,0
DA:272,0
DA:273,0
DA:274,0
DA:275,0
DA:277,0
DA:283,0
DA:284,0
DA:286,0
DA:287,0
DA:288,0
DA:289,0
DA:292,0
DA:294,0
DA:307,0
DA:310,0
DA:311,0
DA:315,0
DA:317,0
DA:325,0
DA:327,0
DA:329,0
DA:330,0
DA:333,0
DA:334,0
DA:335,0
DA:347,0
DA:348,0
DA:349,0
DA:350,0
DA:351,0
DA:367,0
DA:368,0
DA:378,0
DA:380,0
DA:381,0
DA:384,0
DA:392,0
DA:393,0
DA:394,0
DA:403,0
DA:405,0
DA:406,0
DA:407,0
DA:408,0
DA:409,0
DA:418,0
DA:420,0
DA:421,0
DA:422,0
DA:423,0
DA:435,0
DA:444,0
DA:446,0
DA:448,0
DA:449,0
DA:452,0
DA:453,0
DA:456,0
DA:459,1
LF:134
LH:5
BRDA:13,0,0,0
BRDA:13,0,1,0
BRDA:13,1,0,0
BRDA:13,1,1,0
BRDA:16,2,0,0
BRDA:16,2,1,0
BRDA:18,3,0,0
BRDA:18,3,1,0
BRDA:21,4,0,0
BRDA:21,4,1,0
BRDA:34,5,0,0
BRDA:34,5,1,0
BRDA:34,6,0,0
BRDA:34,6,1,0
BRDA:39,7,0,0
BRDA:39,7,1,0
BRDA:39,8,0,0
BRDA:39,8,1,0
BRDA:44,9,0,0
BRDA:44,9,1,0
BRDA:44,10,0,0
BRDA:44,10,1,0
BRDA:59,11,0,0
BRDA:59,11,1,0
BRDA:77,12,0,0
BRDA:77,12,1,0
BRDA:77,13,0,0
BRDA:77,13,1,0
BRDA:77,13,2,0
BRDA:81,14,0,0
BRDA:81,14,1,0
BRDA:81,15,0,0
BRDA:81,15,1,0
BRDA:85,16,0,0
BRDA:85,16,1,0
BRDA:85,17,0,0
BRDA:85,17,1,0
BRDA:85,17,2,0
BRDA:94,18,0,0
BRDA:94,18,1,0
BRDA:95,19,0,0
BRDA:95,19,1,0
BRDA:96,20,0,0
BRDA:96,20,1,0
BRDA:97,21,0,0
BRDA:97,21,1,0
BRDA:98,22,0,0
BRDA:98,22,1,0
BRDA:105,23,0,0
BRDA:105,23,1,0
BRDA:125,24,0,0
BRDA:125,24,1,0
BRDA:125,25,0,0
BRDA:125,25,1,0
BRDA:125,25,2,0
BRDA:129,26,0,0
BRDA:129,26,1,0
BRDA:129,27,0,0
BRDA:129,27,1,0
BRDA:133,28,0,0
BRDA:133,28,1,0
BRDA:133,29,0,0
BRDA:133,29,1,0
BRDA:133,29,2,0
BRDA:142,30,0,0
BRDA:142,30,1,0
BRDA:143,31,0,0
BRDA:143,31,1,0
BRDA:144,32,0,0
BRDA:144,32,1,0
BRDA:145,33,0,0
BRDA:145,33,1,0
BRDA:146,34,0,0
BRDA:146,34,1,0
BRDA:153,35,0,0
BRDA:153,35,1,0
BRDA:184,36,0,0
BRDA:184,36,1,0
BRDA:219,37,0,0
BRDA:219,37,1,0
BRDA:262,38,0,0
BRDA:262,38,1,0
BRDA:262,39,0,0
BRDA:262,39,1,0
BRDA:262,39,2,0
BRDA:269,40,0,0
BRDA:269,40,1,0
BRDA:284,41,0,0
BRDA:284,41,1,0
BRDA:311,42,0,0
BRDA:311,42,1,0
BRDA:333,43,0,0
BRDA:333,43,1,0
BRDA:333,44,0,0
BRDA:333,44,1,0
BRDA:347,45,0,0
BRDA:347,45,1,0
BRDA:349,46,0,0
BRDA:349,46,1,0
BRDA:349,47,0,0
BRDA:349,47,1,0
BRDA:377,48,0,0
BRDA:380,49,0,0
BRDA:380,49,1,0
BRDA:392,50,0,0
BRDA:392,50,1,0
BRDA:392,51,0,0
BRDA:392,51,1,0
BRDA:403,52,0,0
BRDA:403,52,1,0
BRDA:406,53,0,0
BRDA:406,53,1,0
BRDA:406,54,0,0
BRDA:406,54,1,0
BRDA:406,54,2,0
BRDA:418,55,0,0
BRDA:418,55,1,0
BRDA:421,56,0,0
BRDA:421,56,1,0
BRDA:421,57,0,0
BRDA:421,57,1,0
BRDA:444,58,0,0
BRDA:444,58,1,0
BRDA:444,59,0,0
BRDA:444,59,1,0
BRDA:448,60,0,0
BRDA:448,60,1,0
BRDA:448,61,0,0
BRDA:448,61,1,0
BRDA:452,62,0,0
BRDA:452,62,1,0
BRDA:452,63,0,0
BRDA:452,63,1,0
BRF:133
BRH:0
end_of_record
TN:
SF:modules\products\product-utils\cacheUtils.js
FN:7,(anonymous_0)
FN:16,(anonymous_1)
FN:33,(anonymous_2)
FN:46,(anonymous_3)
FN:65,(anonymous_4)
FN:84,(anonymous_5)
FN:95,(anonymous_6)
FN:109,(anonymous_7)
FNF:8
FNH:3
FNDA:3,(anonymous_0)
FNDA:0,(anonymous_1)
FNDA:0,(anonymous_2)
FNDA:15,(anonymous_3)
FNDA:0,(anonymous_4)
FNDA:15,(anonymous_5)
FNDA:0,(anonymous_6)
FNDA:0,(anonymous_7)
DA:1,4
DA:8,3
DA:17,0
DA:18,0
DA:19,0
DA:20,0
DA:22,0
DA:23,0
DA:34,0
DA:35,0
DA:36,0
DA:38,0
DA:47,15
DA:48,0
DA:50,0
DA:51,0
DA:52,0
DA:53,0
DA:54,0
DA:56,0
DA:57,0
DA:58,0
DA:59,0
DA:63,0
DA:65,0
DA:66,0
DA:67,0
DA:68,0
DA:72,0
DA:73,0
DA:76,0
DA:85,15
DA:86,0
DA:87,0
DA:88,0
DA:89,0
DA:90,0
DA:93,0
DA:95,0
DA:96,0
DA:97,0
DA:101,0
DA:110,0
DA:114,4
LF:44
LH:5
BRDA:17,0,0,0
BRDA:17,0,1,0
BRDA:17,1,0,0
BRDA:17,1,1,0
BRDA:20,2,0,0
BRDA:20,2,1,0
BRDA:33,3,0,0
BRDA:34,4,0,0
BRDA:34,4,1,0
BRDA:34,5,0,0
BRDA:34,5,1,0
BRDA:47,6,0,15
BRDA:47,6,1,0
BRDA:47,7,0,15
BRDA:47,7,1,15
BRDA:53,8,0,0
BRDA:53,8,1,0
BRDA:56,9,0,0
BRDA:56,9,1,0
BRDA:63,10,0,0
BRDA:63,10,1,0
BRDA:65,11,0,0
BRDA:65,11,1,0
BRDA:66,12,0,0
BRDA:66,12,1,0
BRDA:72,13,0,0
BRDA:72,13,1,0
BRDA:85,14,0,15
BRDA:85,14,1,0
BRDA:85,15,0,15
BRDA:85,15,1,15
BRDA:87,16,0,0
BRDA:87,16,1,0
BRDA:88,17,0,0
BRDA:88,17,1,0
BRDA:93,18,0,0
BRDA:93,18,1,0
BRDA:93,19,0,0
BRDA:93,19,1,0
BRDA:96,20,0,0
BRDA:96,20,1,0
BRDA:110,21,0,0
BRDA:110,21,1,0
BRF:43
BRH:6
end_of_record
TN:
SF:modules\products\product-utils\productUtils.js
FN:11,validateAndCleanPromotions
FN:16,(anonymous_1)
FN:44,(anonymous_2)
FN:73,ensureMainImage
FN:79,(anonymous_4)
FN:96,isValidObjectId
FN:106,createError
FN:118,sanitizePagination
FN:129,escapeRegex
FN:133,buildSearchQuery
FN:141,(anonymous_10)
FN:142,(anonymous_11)
FN:147,(anonymous_12)
FN:164,buildCategoryQuery
FN:182,buildMunicipalityQuery
FNF:15
FNH:2
FNDA:0,validateAndCleanPromotions
FNDA:0,(anonymous_1)
FNDA:0,(anonymous_2)
FNDA:0,ensureMainImage
FNDA:0,(anonymous_4)
[...]
BRDA:302,40,0,0
BRDA:302,40,1,0
BRDA:302,41,0,0
BRDA:302,41,1,0
BRDA:306,42,0,0
BRDA:306,42,1,0
BRDA:306,43,0,0
BRDA:306,43,1,0
BRDA:319,44,0,0
BRDA:319,44,1,0
BRDA:323,45,0,0
BRDA:323,45,1,0
BRDA:369,46,0,0
BRDA:369,46,1,0
BRDA:373,47,0,0
BRDA:373,47,1,0
BRDA:384,48,0,0
BRDA:384,48,1,0
BRDA:389,49,0,0
BRDA:389,49,1,0
BRDA:414,50,0,0
BRDA:414,50,1,0
BRDA:419,51,0,0
BRDA:419,51,1,0
BRDA:419,52,0,0
BRDA:419,52,1,0
BRDA:423,53,0,0
BRDA:423,53,1,0
BRDA:423,54,0,0
BRDA:423,54,1,0
BRDA:427,55,0,0
BRDA:427,55,1,0
BRDA:427,56,0,0
BRDA:427,56,1,0
BRDA:455,57,0,0
BRDA:455,57,1,0
BRDA:463,58,0,0
BRDA:463,58,1,0
BRDA:463,58,2,0
BRDA:465,59,0,0
BRDA:465,59,1,0
BRDA:466,60,0,0
BRDA:466,60,1,0
BRDA:467,61,0,0
BRDA:467,61,1,0
BRDA:468,62,0,0
BRDA:468,62,1,0
BRDA:469,63,0,0
BRDA:469,63,1,0
BRDA:471,64,0,0
BRDA:471,64,1,0
BRDA:491,65,0,0
BRDA:491,65,1,0
BRF:132
BRH:0
end_of_record
TN:
SF:modules\users\users.controller.js
FN:5,(anonymous_0)
FN:31,(anonymous_1)
FN:55,(anonymous_2)
FN:65,(anonymous_3)
FN:75,(anonymous_4)
FN:85,(anonymous_5)
FN:122,(anonymous_6)
FN:133,(anonymous_7)
FN:174,(anonymous_8)
FN:237,(anonymous_9)
FNF:10
FNH:0
FNDA:0,(anonymous_0)
FNDA:0,(anonymous_1)
FNDA:0,(anonymous_2)
FNDA:0,(anonymous_3)
FNDA:0,(anonymous_4)
FNDA:0,(anonymous_5)
FNDA:0,(anonymous_6)
FNDA:0,(anonymous_7)
FNDA:0,(anonymous_8)
FNDA:0,(anonymous_9)
DA:2,1
DA:3,1
DA:5,1
DA:6,0
DA:7,0
DA:9,0
DA:18,0
DA:24,0
DA:25,0
DA:26,0
DA:27,0
DA:31,1
DA:32,0
DA:33,0
DA:41,0
DA:48,0
DA:50,0
DA:51,0
DA:55,1
DA:56,0
DA:57,0
DA:58,0
DA:60,0
DA:61,0
DA:65,1
DA:66,0
DA:67,0
DA:68,0
DA:70,0
DA:71,0
DA:75,1
DA:76,0
DA:77,0
DA:78,0
DA:80,0
DA:81,0
DA:85,1
DA:86,0
DA:87,0
DA:90,0
DA:92,0
DA:110,0
DA:117,0
DA:122,1
DA:123,0
DA:124,0
DA:126,0
DA:127,0
DA:130,0
DA:133,1
DA:134,0
DA:136,0
DA:138,0
DA:140,0
DA:143,0
DA:144,0
DA:149,0
DA:152,0
DA:155,0
DA:161,0
DA:167,0
DA:168,0
DA:174,1
DA:175,0
DA:176,0
DA:178,0
DA:180,0
DA:186,0
DA:193,0
DA:195,0
DA:196,0
DA:197,0
DA:200,0
DA:204,0
DA:205,0
DA:209,0
DA:215,0
DA:221,0
DA:224,0
DA:230,0
DA:237,1
DA:238,0
DA:239,0
DA:240,0
DA:241,0
DA:243,0
DA:244,0
LF:87
LH:12
BRDA:7,0,0,0
BRDA:25,1,0,0
BRDA:25,1,1,0
BRDA:26,2,0,0
BRDA:26,2,1,0
BRDA:51,3,0,0
BRDA:51,3,1,0
BRDA:61,4,0,0
BRDA:61,4,1,0
BRDA:71,5,0,0
BRDA:71,5,1,0
BRDA:81,6,0,0
BRDA:81,6,1,0
BRDA:86,7,0,0
BRDA:86,7,1,0
BRDA:118,8,0,0
BRDA:118,8,1,0
BRDA:126,9,0,0
BRDA:126,9,1,0
BRDA:138,10,0,0
BRDA:138,10,1,0
BRDA:143,11,0,0
BRDA:143,11,1,0
BRDA:168,12,0,0
BRDA:168,12,1,0
BRDA:169,13,0,0
BRDA:169,13,1,0
BRDA:178,14,0,0
BRDA:178,14,1,0
BRDA:204,15,0,0
BRDA:204,15,1,0
BRF:31
BRH:0
end_of_record
TN:
SF:modules\users\users.model.js
FN:72,(anonymous_0)
FNF:1
FNH:0
FNDA:0,(anonymous_0)
DA:1,1
DA:3,1
DA:14,1
DA:73,0
DA:83,1
DA:84,1
DA:85,1
DA:86,1
DA:88,1
LF:9
LH:8
BRF:0
BRH:0
end_of_record
TN:
SF:modules\users\users.routes.js
FN:25,(anonymous_0)
FN:43,(anonymous_1)
FNF:2
FNH:0
FNDA:0,(anonymous_0)
FNDA:0,(anonymous_1)
DA:1,1
DA:2,1
DA:3,1
DA:4,1
DA:5,1
DA:6,1
DA:7,1
DA:8,1
DA:11,1
DA:12,1
DA:13,1
DA:14,1
DA:15,1
DA:18,1
DA:22,1
DA:26,0
DA:27,0
DA:28,0
DA:30,0
DA:31,0
DA:36,1
DA:40,1
DA:44,0
DA:45,0
DA:46,0
DA:48,0
DA:49,0
DA:55,1
DA:56,1
DA:57,1
DA:59,1
DA:62,1
DA:64,1
LF:33
LH:23
BRF:0
BRH:0
end_of_record
TN:
SF:modules\users\users.service.js
FN:11,(anonymous_0)
FN:12,(anonymous_1)
FN:14,(anonymous_2)
FN:30,(anonymous_3)
FN:64,(anonymous_4)
FN:76,(anonymous_5)
FN:80,(anonymous_6)
FN:89,(anonymous_7)
FN:95,(anonymous_8)
FN:106,(anonymous_9)
FN:113,(anonymous_10)
FN:131,(anonymous_11)
FN:152,(anonymous_12)
FN:169,(anonymous_13)
FNF:14
FNH:0
FNDA:0,(anonymous_0)
FNDA:0,(anonymous_1)
FNDA:0,(anonymous_2)
FNDA:0,(anonymous_3)
FNDA:0,(anonymous_4)
FNDA:0,(anonymous_5)
FNDA:0,(anonymous_6)
FNDA:0,(anonymous_7)
FNDA:0,(anonymous_8)
FNDA:0,(anonymous_9)
FNDA:0,(anonymous_10)
FNDA:0,(anonymous_11)
FNDA:0,(anonymous_12)
FNDA:0,(anonymous_13)
DA:1,1
DA:2,1
DA:3,1
DA:7,1
DA:8,1
DA:9,1
DA:11,1
DA:12,1
DA:14,1
DA:22,0
DA:23,0
DA:24,0
DA:26,0
DA:27,0
DA:30,0
DA:31,0
DA:32,0
DA:35,0
DA:37,0
DA:38,0
DA:41,0
DA:43,0
DA:52,0
DA:54,0
DA:55,0
DA:56,0
DA:59,0
DA:61,0
DA:64,1
DA:65,0
DA:66,0
DA:68,0
DA:69,0
DA:71,0
DA:72,0
DA:73,0
DA:76,1
DA:77,0
DA:79,0
DA:80,0
DA:81,0
DA:84,0
DA:85,0
DA:87,0
DA:88,0
DA:89,0
DA:92,0
DA:95,1
DA:96,0
DA:101,0
DA:103,0
DA:104,0
DA:105,0
DA:106,0
DA:110,0
DA:113,1
DA:114,0
DA:115,0
DA:116,0
DA:124,0
DA:125,0
DA:126,0
DA:131,1
DA:132,0
DA:134,0
DA:136,0
DA:137,0
DA:140,0
DA:149,0
DA:152,1
DA:153,0
DA:154,0
DA:155,0
DA:158,0
DA:159,0
DA:160,0
DA:162,0
DA:164,0
DA:165,0
DA:169,1
DA:170,0
DA:171,0
DA:172,0
DA:175,0
DA:178,0
DA:183,0
DA:185,0
DA:190,0
DA:191,0
LF:89
LH:16
BRDA:23,0,0,0
BRDA:23,0,1,0
BRDA:26,1,0,0
BRDA:26,1,1,0
BRDA:31,2,0,0
BRDA:31,2,1,0
BRDA:37,3,0,0
BRDA:37,3,1,0
BRDA:37,4,0,0
BRDA:37,4,1,0
BRDA:54,5,0,0
BRDA:54,5,1,0
BRDA:66,6,0,0
BRDA:66,6,1,0
BRDA:69,7,0,0
BRDA:69,7,1,0
BRDA:79,8,0,0
BRDA:79,8,1,0
BRDA:81,9,0,0
BRDA:81,9,1,0
BRDA:85,10,0,0
BRDA:85,10,1,0
BRDA:87,11,0,0
BRDA:87,11,1,0
BRDA:101,12,0,0
BRDA:101,12,1,0
BRDA:104,13,0,0
BRDA:104,13,1,0
BRDA:115,14,0,0
BRDA:115,14,1,0
BRDA:124,15,0,0
BRDA:124,15,1,0
BRDA:134,16,0,0
BRDA:134,16,1,0
BRDA:137,17,0,0
BRDA:137,17,1,0
BRDA:154,18,0,0
BRDA:154,18,1,0
BRDA:159,19,0,0
BRDA:159,19,1,0
BRDA:159,20,0,0
BRDA:159,20,1,0
BRF:42
BRH:0
end_of_record
TN:
SF:modules\vendors\vendors.controller.js
FN:4,(anonymous_0)
FN:18,(anonymous_1)
FN:31,(anonymous_2)
FN:42,(anonymous_3)
FN:55,(anonymous_4)
FN:73,(anonymous_5)
FN:83,(anonymous_6)
FN:93,(anonymous_7)
FN:105,(anonymous_8)
FN:117,(anonymous_9)
FN:130,(anonymous_10)
FN:147,(anonymous_11)
FN:165,(anonymous_12)
FNF:13
FNH:0
FNDA:0,(anonymous_0)
FNDA:0,(anonymous_1)
FNDA:0,(anonymous_2)
FNDA:0,(anonymous_3)
FNDA:0,(anonymous_4)
FNDA:0,(anonymous_5)
FNDA:0,(anonymous_6)
FNDA:0,(anonymous_7)
FNDA:0,(anonymous_8)
FNDA:0,(anonymous_9)
FNDA:0,(anonymous_10)
FNDA:0,(anonymous_11)
FNDA:0,(anonymous_12)
DA:2,1
DA:4,1
DA:5,0
DA:6,0
DA:7,0
DA:11,0
DA:13,0
DA:14,0
DA:18,1
DA:19,0
DA:20,0
DA:23,0
DA:24,0
DA:26,0
DA:27,0
DA:31,1
DA:32,0
DA:33,0
DA:34,0
DA:35,0
DA:37,0
DA:38,0
DA:42,1
DA:43,0
DA:44,0
DA:45,0
DA:46,0
DA:47,0
DA:48,0
DA:50,0
DA:55,1
DA:56,0
DA:58,0
DA:59,0
DA:60,0
DA:65,0
DA:66,0
DA:73,1
DA:74,0
DA:75,0
DA:76,0
DA:78,0
DA:79,0
DA:83,1
DA:84,0
DA:85,0
DA:86,0
DA:88,0
DA:89,0
DA:93,1
DA:94,0
DA:95,0
DA:96,0
DA:98,0
DA:99,0
DA:105,1
DA:106,0
DA:107,0
DA:108,0
DA:110,0
DA:111,0
DA:117,1
DA:118,0
DA:119,0
DA:120,0
DA:122,0
DA:123,0
DA:130,1
DA:131,0
DA:132,0
DA:133,0
DA:135,0
DA:136,0
DA:147,1
DA:148,0
DA:149,0
DA:150,0
DA:151,0
DA:153,0
DA:154,0
DA:165,1
DA:166,0
DA:167,0
DA:168,0
DA:169,0
DA:171,0
DA:172,0
LF:87
LH:14
BRDA:14,0,0,0
BRDA:14,0,1,0
BRDA:20,1,0,0
BRDA:20,1,1,0
BRDA:27,2,0,0
BRDA:27,2,1,0
BRDA:38,3,0,0
BRDA:38,3,1,0
BRDA:68,4,0,0
BRDA:68,4,1,0
BRDA:79,5,0,0
BRDA:79,5,1,0
BRDA:89,6,0,0
BRDA:89,6,1,0
BRDA:101,7,0,0
BRDA:101,7,1,0
BRDA:113,8,0,0
BRDA:113,8,1,0
BRDA:125,9,0,0
BRDA:125,9,1,0
BRDA:138,10,0,0
BRDA:138,10,1,0
BRDA:156,11,0,0
BRDA:156,11,1,0
BRDA:174,12,0,0
BRDA:174,12,1,0
BRF:26
BRH:0
end_of_record
TN:
SF:modules\vendors\vendors.model.js
FN:85,(anonymous_0)
FNF:1
FNH:0
FNDA:0,(anonymous_0)
DA:1,4
DA:3,4
DA:24,4
DA:35,4
DA:85,4
DA:86,0
DA:87,0
DA:90,4
LF:8
LH:6
BRF:0
BRH:0
end_of_record
TN:
SF:modules\vendors\vendors.routes.js
FNF:0
FNH:0
DA:2,1
DA:3,1
DA:4,1
DA:5,1
DA:7,1
DA:13,1
DA:14,1
DA:15,1
DA:16,1
DA:22,1
DA:23,1
DA:26,1
DA:27,1
DA:30,1
DA:36,1
DA:44,1
DA:50,1
DA:57,1
LF:18
LH:18
BRF:0
BRH:0
end_of_record
TN:
SF:modules\vendors\vendors.service.js
FN:11,(anonymous_0)
FN:12,(anonymous_1)
FN:15,(anonymous_2)
FN:32,(anonymous_3)
FN:53,(anonymous_4)
FN:78,(anonymous_5)
FN:92,(anonymous_6)
FN:113,(anonymous_7)
FN:121,(anonymous_8)
FN:188,(anonymous_9)
FN:207,(anonymous_10)
FN:222,(anonymous_11)
FN:232,(anonymous_12)
FN:244,(anonymous_13)
FN:264,(anonymous_14)
FN:297,(anonymous_15)
FN:350,(anonymous_16)
FN:389,(anonymous_17)
FN:429,(anonymous_18)
FN:496,(anonymous_19)
FN:506,(anonymous_20)
FN:554,(anonymous_21)
FN:563,(anonymous_22)
FN:578,(anonymous_23)
FNF:24
FNH:0
FNDA:0,(anonymous_0)
FNDA:0,(anonymous_1)
FNDA:0,(anonymous_2)
FNDA:0,(anonymous_3)
FNDA:0,(anonymous_4)
FNDA:0,(anonymous_5)
FNDA:0,(anonymous_6)
FNDA:0,(anonymous_7)
FNDA:0,(anonymous_8)
FNDA:0,(anonymous_9)
FNDA:0,(anonymous_10)
FNDA:0,(anonymous_11)
FNDA:0,(anonymous_12)
FNDA:0,(anonymous_13)
FNDA:0,(anonymous_14)
FNDA:0,(anonymous_15)
FNDA:0,(anonymous_16)
FNDA:0,(anonymous_17)
FNDA:0,(anonymous_18)
FNDA:0,(anonymous_19)
FNDA:0,(anonymous_20)
FNDA:0,(anonymous_21)
FNDA:0,(anonymous_22)
FNDA:0,(anonymous_23)
DA:2,1
DA:3,1
DA:7,1
DA:9,1
DA:11,1
DA:12,1
DA:13,1
DA:15,1
DA:16,0
DA:17,0
DA:19,0
DA:20,0
DA:21,0
DA:22,0
DA:23,0
DA:29,0
DA:32,1
DA:33,0
DA:34,0
DA:35,0
DA:36,0
DA:39,0
DA:41,0
DA:42,0
DA:46,0
DA:48,0
DA:50,0
DA:52,0
DA:53,0
DA:56,0
DA:58,0
DA:65,0
DA:66,0
DA:68,0
DA:73,0
DA:74,0
DA:78,1
DA:79,0
DA:80,0
DA:81,0
DA:82,0
DA:83,0
DA:86,0
DA:89,0
DA:92,0
DA:99,0
DA:100,0
DA:105,0
DA:107,0
DA:109,0
DA:112,0
DA:113,0
DA:121,1
DA:122,0
DA:123,0
DA:124,0
DA:125,0
DA:128,0
DA:134,0
DA:135,0
DA:139,0
DA:140,0
DA:147,0
DA:148,0
DA:154,0
DA:155,0
DA:160,0
DA:161,0
DA:162,0
DA:163,0
DA:164,0
DA:165,0
DA:166,0
DA:168,0
DA:169,0
DA:176,0
DA:178,0
DA:179,0
DA:184,0
DA:188,1
DA:189,0
DA:190,0
DA:191,0
DA:192,0
DA:195,0
DA:199,0
DA:201,0
DA:202,0
DA:204,0
DA:207,1
DA:208,0
DA:212,0
DA:214,0
DA:215,0
DA:219,0
DA:222,1
DA:223,0
DA:224,0
DA:226,0
DA:227,0
DA:228,0
DA:232,1
DA:233,0
DA:238,0
DA:239,0
DA:244,1
DA:245,0
DA:250,0
DA:251,0
DA:264,1
DA:270,0
DA:271,0
DA:272,0
DA:273,0
DA:287,0
DA:290,0
DA:291,0
DA:292,0
DA:296,0
DA:297,0
DA:300,0
DA:302,0
DA:305,0
DA:323,0
DA:327,0
DA:330,0
DA:331,0
DA:333,0
DA:339,0
DA:340,0
DA:350,1
DA:351,0
DA:352,0
DA:353,0
DA:354,0
DA:357,0
DA:358,0
DA:359,0
DA:363,0
DA:366,0
DA:367,0
DA:370,0
DA:371,0
DA:373,0
DA:379,0
DA:380,0
DA:389,1
DA:390,0
DA:391,0
DA:392,0
DA:397,0
DA:398,0
DA:399,0
DA:400,0
DA:402,0
DA:403,0
DA:410,0
DA:419,0
DA:420,0
DA:429,1
DA:430,0
DA:432,0
DA:438,0
DA:439,0
DA:440,0
DA:441,0
DA:442,0
DA:443,0
DA:445,0
DA:447,0
DA:448,0
DA:449,0
DA:450,0
DA:452,0
DA:455,0
DA:456,0
DA:458,0
DA:459,0
DA:460,0
DA:462,0
DA:463,0
DA:467,0
DA:468,0
DA:470,0
DA:471,0
DA:475,0
DA:491,0
DA:492,0
DA:493,0
DA:496,0
DA:497,0
DA:506,0
DA:507,0
DA:508,0
DA:509,0
DA:510,0
DA:511,0
DA:512,0
DA:514,0
DA:515,0
DA:517,0
DA:518,0
DA:519,0
DA:521,0
DA:522,0
DA:527,0
DA:543,0
DA:544,0
DA:554,1
DA:555,0
DA:556,0
DA:563,0
DA:564,0
DA:565,0
DA:567,0
DA:578,0
DA:580,0
DA:587,0
DA:588,0
LF:219
LH:21
BRDA:19,0,0,0
BRDA:19,0,1,0
BRDA:22,1,0,0
BRDA:22,1,1,0
BRDA:34,2,0,0
BRDA:34,2,1,0
BRDA:41,3,0,0
BRDA:41,3,1,0
BRDA:50,4,0,0
BRDA:50,4,1,0
BRDA:81,5,0,0
BRDA:81,5,1,0
BRDA:83,6,0,0
BRDA:83,6,1,0
BRDA:99,7,0,0
BRDA:99,7,1,0
BRDA:99,8,0,0
BRDA:99,8,1,0
BRDA:123,9,0,0
BRDA:123,9,1,0
BRDA:125,10,0,0
BRDA:125,10,1,0
BRDA:134,11,0,0
BRDA:134,11,1,0
BRDA:168,12,0,0
BRDA:168,12,1,0
BRDA:190,13,0,0
BRDA:190,13,1,0
BRDA:192,14,0,0
BRDA:192,14,1,0
BRDA:199,15,0,0
BRDA:199,15,1,0
BRDA:201,16,0,0
BRDA:201,16,1,0
BRDA:212,17,0,0
BRDA:212,17,1,0
BRDA:214,18,0,0
BRDA:214,18,1,0
BRDA:224,19,0,0
BRDA:224,19,1,0
BRDA:226,20,0,0
BRDA:226,20,1,0
BRDA:238,21,0,0
BRDA:238,21,1,0
BRDA:238,22,0,0
BRDA:238,22,1,0
BRDA:250,23,0,0
BRDA:250,23,1,0
BRDA:250,24,0,0
BRDA:250,24,1,0
BRDA:267,25,0,0
BRDA:268,26,0,0
BRDA:272,27,0,0
BRDA:272,27,1,0
BRDA:287,28,0,0
BRDA:287,28,1,0
BRDA:291,29,0,0
BRDA:291,29,1,0
BRDA:300,30,0,0
BRDA:300,30,1,0
BRDA:353,31,0,0
BRDA:353,31,1,0
BRDA:448,32,0,0
BRDA:448,32,1,0
BRDA:449,33,0,0
BRDA:449,33,1,0
BRDA:450,34,0,0
BRDA:450,34,1,0
BRDA:455,35,0,0
BRDA:455,35,1,0
BRDA:456,36,0,0
BRDA:456,36,1,0
BRDA:458,37,0,0
BRDA:458,37,1,0
BRDA:458,38,0,0
BRDA:458,38,1,0
BRDA:462,39,0,0
BRDA:462,39,1,0
BRDA:470,40,0,0
BRDA:470,40,1,0
BRDA:477,41,0,0
BRDA:477,41,1,0
BRDA:481,42,0,0
BRDA:481,42,1,0
BRDA:486,43,0,0
BRDA:486,43,1,0
BRDA:508,44,0,0
BRDA:508,44,1,0
BRDA:510,45,0,0
BRDA:510,45,1,0
BRDA:511,46,0,0
BRDA:511,46,1,0
BRDA:512,47,0,0
BRDA:512,47,1,0
BRDA:517,48,0,0
BRDA:517,48,1,0
BRDA:517,49,0,0
BRDA:517,49,1,0
BRDA:564,50,0,0
BRDA:564,50,1,0
BRDA:565,51,0,0
BRDA:565,51,1,0
BRDA:569,52,0,0
BRDA:569,52,1,0
BRDA:570,53,0,0
BRDA:570,53,1,0
BRDA:573,54,0,0
BRDA:573,54,1,0
BRDA:574,55,0,0
BRDA:574,55,1,0
BRF:110
BRH:0
end_of_record
TN:
SF:routes\health.js
FN:6,(anonymous_0)
FN:33,(anonymous_1)
FN:40,(anonymous_2)
FNF:3
FNH:0
FNDA:0,(anonymous_0)
FNDA:0,(anonymous_1)
FNDA:0,(anonymous_2)
DA:1,1
DA:2,1
DA:3,1
DA:4,1
DA:6,1
DA:7,0
DA:9,0
DA:12,0
DA:14,0
DA:16,0
DA:25,0
DA:33,1
DA:34,0
DA:40,1
DA:41,0
DA:43,0
DA:44,0
DA:49,0
DA:57,1
LF:19
LH:8
BRDA:9,0,0,0
BRDA:9,0,1,0
BRDA:12,1,0,0
BRDA:12,1,1,0
BRDA:14,2,0,0
BRDA:14,2,1,0
BRDA:16,3,0,0
BRDA:16,3,1,0
BRDA:44,4,0,0
BRDA:44,4,1,0
BRDA:45,5,0,0
BRDA:45,5,1,0
BRF:12
BRH:0
end_of_record
TN:
SF:routes\index.js
FN:28,(anonymous_0)
FN:50,(anonymous_1)
FN:63,(anonymous_2)
FNF:3
FNH:0
FNDA:0,(anonymous_0)
FNDA:0,(anonymous_1)
FNDA:0,(anonymous_2)
DA:1,1
DA:2,1
DA:3,1
DA:5,1
DA:6,1
DA:7,1
DA:8,1
DA:9,1
DA:10,1
DA:11,1
DA:12,1
DA:13,1
DA:14,1
DA:15,1
DA:16,1
DA:17,1
DA:20,1
DA:21,1
DA:28,1
DA:29,0
DA:30,0
DA:31,0
DA:32,0
DA:42,0
DA:44,0
DA:45,0
DA:50,1
DA:51,0
DA:52,0
DA:55,0
DA:57,0
DA:58,0
DA:63,1
DA:64,0
DA:65,0
DA:66,0
DA:67,0
DA:69,0
DA:76,0
DA:86,0
DA:87,0
DA:95,1
DA:96,1
DA:97,1
DA:98,1
DA:99,1
DA:100,1
DA:101,1
DA:102,1
DA:103,1
DA:104,1
DA:105,1
DA:106,1
DA:107,1
DA:109,1
LF:55
LH:35
BRDA:30,0,0,0
BRF:1
BRH:0
end_of_record
TN:
SF:routes\sellerApplication.routes.js
FN:15,(anonymous_0)
FNF:1
FNH:0
FNDA:0,(anonymous_0)
DA:1,1
DA:2,1
DA:3,1
DA:4,1
DA:5,1
DA:8,1
DA:15,1
DA:16,0
DA:17,0
DA:19,0
DA:20,0
DA:26,0
DA:27,0
DA:33,0
DA:34,0
DA:40,0
DA:46,0
DA:56,1
DA:63,1
DA:70,1
DA:83,1
DA:90,1
DA:99,1
DA:106,1
DA:113,1
DA:115,1
LF:26
LH:16
BRDA:16,0,0,0
BRDA:16,0,1,0
BRDA:19,1,0,0
BRDA:19,1,1,0
BRDA:26,2,0,0
BRDA:26,2,1,0
BRDA:33,3,0,0
BRDA:33,3,1,0
BRF:8
BRH:0
end_of_record
TN:
SF:routes\socket-test.js
FN:6,(anonymous_0)
FN:47,(anonymous_1)
FNF:2
FNH:0
FNDA:0,(anonymous_0)
FNDA:0,(anonymous_1)
DA:1,1
DA:2,1
DA:3,1
DA:6,1
DA:7,0
DA:8,0
DA:10,0
DA:12,0
DA:19,0
DA:26,0
DA:31,0
DA:38,0
DA:39,0
DA:47,1
DA:48,0
DA:55,1
LF:16
LH:6
BRDA:10,0,0,0
BRDA:10,0,1,0
BRDA:10,1,0,0
BRDA:10,1,1,0
BRF:4
BRH:0
end_of_record
TN:
SF:utils\errorHandler.js
FN:34,(anonymous_0)
FN:49,(anonymous_1)
FN:59,(anonymous_2)
FN:68,(anonymous_3)
FN:77,(anonymous_4)
FN:86,(anonymous_5)
FN:95,(anonymous_6)
FN:105,(anonymous_7)
FN:115,(anonymous_8)
FN:125,(anonymous_9)
FN:133,(anonymous_10)
FN:158,(anonymous_11)
FN:177,(anonymous_12)
FN:198,(anonymous_13)
FN:198,(anonymous_14)
FNF:15
FNH:4
FNDA:1,(anonymous_0)
FNDA:1,(anonymous_1)
FNDA:0,(anonymous_2)
FNDA:0,(anonymous_3)
FNDA:0,(anonymous_4)
FNDA:0,(anonymous_5)
FNDA:0,(anonymous_6)
FNDA:0,(anonymous_7)
FNDA:0,(anonymous_8)
FNDA:0,(anonymous_9)
FNDA:5,(anonymous_10)
FNDA:4,(anonymous_11)
FNDA:0,(anonymous_12)
FNDA:0,(anonymous_13)
FNDA:0,(anonymous_14)
DA:1,1
DA:4,1
DA:18,1
DA:35,1
DA:36,1
DA:37,1
DA:38,1
DA:39,1
DA:41,1
DA:50,1
DA:51,1
DA:60,0
DA:69,0
DA:78,0
DA:87,0
DA:96,0
DA:97,0
DA:106,0
DA:107,0
DA:116,0
DA:117,0
DA:126,0
DA:133,1
DA:134,5
DA:143,5
DA:144,1
DA:148,5
DA:149,0
DA:152,5
DA:158,1
DA:160,4
DA:171,4
DA:172,4
DA:175,4
DA:176,0
DA:177,0
DA:181,4
DA:182,1
DA:183,1
DA:187,4
DA:188,0
DA:189,0
DA:192,4
DA:198,1
DA:199,0
DA:202,1
LF:46
LH:29
BRDA:34,0,0,0
BRDA:34,1,0,0
BRDA:34,2,0,1
BRDA:49,3,0,1
BRDA:59,4,0,0
BRDA:68,5,0,0
BRDA:77,6,0,0
BRDA:86,7,0,0
BRDA:125,8,0,0
BRDA:136,9,0,5
BRDA:136,9,1,4
BRDA:138,10,0,5
BRDA:138,10,1,4
BRDA:143,11,0,1
BRDA:143,11,1,4
BRDA:143,12,0,5
BRDA:143,12,1,1
BRDA:148,13,0,0
BRDA:148,13,1,5
BRDA:148,14,0,5
BRDA:148,14,1,0
BRDA:171,15,0,4
BRDA:171,15,1,4
BRDA:175,16,0,0
BRDA:175,16,1,4
BRDA:181,17,0,1
BRDA:181,17,1,3
BRDA:187,18,0,0
BRDA:187,18,1,4
BRF:29
BRH:18
end_of_record
TN:
SF:utils\logger.js
FN:3,timestamp
FN:7,formatMessage
FN:20,(anonymous_2)
FN:21,(anonymous_3)
FN:22,(anonymous_4)
FN:23,(anonymous_5)
FNF:6
FNH:5
FNDA:16,timestamp
FNDA:16,formatMessage
FNDA:5,(anonymous_2)
FNDA:6,(anonymous_3)
FNDA:0,(anonymous_4)
FNDA:5,(anonymous_5)
DA:1,7
DA:4,16
DA:8,16
DA:9,16
DA:10,5
DA:11,5
DA:13,0
DA:16,16
DA:19,7
DA:20,5
DA:21,6
DA:22,0
DA:23,5
LF:13
LH:11
BRDA:9,0,0,5
BRDA:9,0,1,11
BRDA:11,1,0,0
BRDA:11,1,1,5
BRF:4
BRH:3
end_of_record
TN:
SF:utils\metrics.js
FN:47,(anonymous_0)
FN:48,(anonymous_1)
FN:50,(anonymous_2)
FN:61,(anonymous_3)
FN:65,(anonymous_4)
FN:69,(anonymous_5)
FNF:6
FNH:1
FNDA:5,(anonymous_0)
FNDA:0,(anonymous_1)
FNDA:0,(anonymous_2)
FNDA:0,(anonymous_3)
FNDA:0,(anonymous_4)
FNDA:0,(anonymous_5)
DA:1,1
DA:4,1
DA:7,1
DA:12,1
DA:15,1
DA:22,1
DA:28,1
DA:34,1
DA:41,1
DA:42,1
DA:43,1
DA:44,1
DA:47,1
DA:48,5
DA:49,0
DA:50,0
DA:51,0
DA:52,0
DA:56,0
DA:61,1
DA:62,0
DA:65,1
DA:66,0
DA:69,1
DA:70,0
DA:73,1
LF:26
LH:18
BRF:0
BRH:0
end_of_record
TN:
SF:utils\otp.controller.js
FN:4,(anonymous_0)
FN:6,(anonymous_1)
FNF:2
FNH:0
FNDA:0,(anonymous_0)
FNDA:0,(anonymous_1)
DA:1,1
DA:2,1
DA:3,1
DA:4,1
DA:6,1
DA:7,0
DA:8,0
DA:9,0
DA:10,0
DA:12,0
DA:14,0
DA:16,0
DA:22,0
DA:25,0
DA:26,0
DA:28,0
DA:29,0
LF:17
LH:5
BRDA:10,0,0,0
BRDA:10,0,1,0
BRF:2
BRH:0
end_of_record
TN:
SF:utils\otpTemplate.js
FN:2,(anonymous_0)
FNF:1
FNH:0
FNDA:0,(anonymous_0)
DA:2,1
LF:1
LH:1
BRF:0
BRH:0
end_of_record
TN:
SF:utils\rateLimiter.js
FN:11,(anonymous_0)
FN:12,(anonymous_1)
FNF:2
FNH:2
FNDA:22,(anonymous_0)
FNDA:8,(anonymous_1)
DA:1,1
DA:2,1
DA:11,1
DA:12,22
DA:13,8
DA:16,0
DA:17,0
DA:18,0
DA:19,0
DA:20,0
DA:23,0
DA:26,0
DA:28,0
DA:29,0
DA:30,0
DA:36,0
DA:39,0
DA:40,0
DA:42,0
DA:44,0
DA:45,0
DA:50,1
LF:22
LH:6
BRDA:11,0,0,0
BRDA:11,1,0,0
BRDA:11,2,0,0
BRDA:13,3,0,8
BRDA:13,3,1,0
BRDA:17,4,0,0
BRDA:17,4,1,0
BRDA:28,5,0,0
BRDA:28,5,1,0
BRDA:31,6,0,0
BRDA:31,6,1,0
BRF:11
BRH:1
end_of_record
TN:
SF:utils\sanitizeMongoInput.js
FN:3,sanitizeMongoInput
FN:17,(anonymous_1)
FNF:2
FNH:1
FNDA:49,sanitizeMongoInput
FNDA:0,(anonymous_1)
DA:1,4
DA:4,49
DA:7,49
DA:8,37
DA:16,12
DA:17,0
DA:21,12
DA:22,4
DA:24,4
DA:26,4
DA:28,4
DA:31,4
DA:35,8
DA:38,4
LF:14
LH:13
BRDA:4,0,0,0
BRDA:4,0,1,49
BRDA:4,1,0,49
BRDA:4,1,1,49
BRDA:7,2,0,37
BRDA:7,2,1,12
BRDA:16,3,0,0
BRDA:16,3,1,12
BRDA:21,4,0,4
BRDA:21,4,1,8
BRDA:26,5,0,0
BRDA:26,5,1,4
BRDA:26,6,0,4
BRDA:26,6,1,4
BRF:14
BRH:11
end_of_record
TN:
SF:utils\transaction.js
FN:3,(anonymous_0)
FN:34,(anonymous_1)
FN:54,(anonymous_2)
FNF:3
FNH:0
FNDA:0,(anonymous_0)
FNDA:0,(anonymous_1)
FNDA:0,(anonymous_2)
DA:1,1
DA:3,1
DA:6,0
DA:7,0
DA:9,0
DA:11,0
DA:14,0
DA:15,0
DA:18,0
DA:19,0
DA:20,0
DA:21,0
DA:23,0
DA:24,0
DA:26,0
DA:30,0
DA:34,1
DA:37,0
DA:38,0
DA:39,0
DA:41,0
DA:44,0
DA:48,0
DA:49,0
DA:53,0
DA:54,0
DA:58,0
DA:61,1
LF:28
LH:4
BRDA:3,0,0,0
BRDA:34,1,0,0
BRDA:34,2,0,0
BRDA:44,3,0,0
BRDA:44,3,1,0
BRDA:44,3,2,0
BRDA:48,4,0,0
BRDA:48,4,1,0
BRDA:48,5,0,0
BRDA:48,5,1,0
BRF:10
BRH:0
end_of_record
TN:
SF:utils\validateOption.js
FN:2,validateOptionPayload
FNF:1
FNH:0
FNDA:0,validateOptionPayload
DA:3,0
DA:5,0
DA:6,0
DA:8,0
DA:9,0
DA:11,0
DA:12,0
DA:14,0
DA:15,0
DA:17,0
DA:18,0
DA:20,0
DA:21,0
DA:23,0
DA:26,4
LF:15
LH:1
BRDA:5,0,0,0
BRDA:5,0,1,0
BRDA:5,1,0,0
BRDA:5,1,1,0
BRDA:5,1,2,0
BRDA:8,2,0,0
BRDA:8,2,1,0
BRDA:8,3,0,0
BRDA:8,3,1,0
BRDA:8,3,2,0
BRDA:11,4,0,0
BRDA:11,4,1,0
BRDA:11,5,0,0
BRDA:11,5,1,0
BRDA:11,5,2,0
BRDA:14,6,0,0
BRDA:14,6,1,0
BRDA:14,7,0,0
BRDA:14,7,1,0
BRDA:17,8,0,0
BRDA:17,8,1,0
BRDA:17,9,0,0
BRDA:17,9,1,0
BRDA:20,10,0,0
BRDA:20,10,1,0
BRDA:20,11,0,0
BRDA:20,11,1,0
BRF:27
BRH:0
end_of_record
TN:
SF:utils\verification.js
FN:18,(anonymous_0)
FN:29,(anonymous_1)
FNF:2
FNH:0
FNDA:0,(anonymous_0)
FNDA:0,(anonymous_1)
DA:1,1
DA:2,1
DA:3,1
DA:5,1
DA:18,1
DA:19,0
DA:26,0
DA:29,1
DA:30,0
DA:57,0
DA:64,0
LF:11
LH:6
BRDA:49,0,0,0
BRDA:49,0,1,0
BRF:2
BRH:0
end_of_record
TN:
SF:validators\cart.validator.js
FN:5,(anonymous_0)
FN:53,(anonymous_1)
FN:54,(anonymous_2)
FN:58,(anonymous_3)
FNF:4
FNH:1
FNDA:0,(anonymous_0)
FNDA:3,(anonymous_1)
FNDA:0,(anonymous_2)
FNDA:0,(anonymous_3)
DA:1,1
DA:2,1
DA:5,1
DA:6,0
DA:7,0
DA:9,0
DA:13,1
DA:28,1
DA:43,1
DA:53,1
DA:54,3
DA:55,0
DA:57,0
DA:58,0
DA:63,0
DA:69,0
DA:70,0
DA:74,1
LF:18
LH:9
BRDA:6,0,0,0
BRDA:6,0,1,0
BRDA:57,1,0,0
BRDA:57,1,1,0
BRF:4
BRH:0
end_of_record
